17-Apr-2024 12:31:32.180 INFO [Thread-1] org.apache.coyote.AbstractProtocol.pause Pausing ProtocolHandler ["http-nio-8080"]
17-Apr-2024 12:31:32.192 INFO [Thread-1] org.apache.catalina.core.StandardService.stopInternal Stopping service [Catalina]
17-Apr-2024 12:31:32.269 INFO [Thread-1] org.apache.coyote.AbstractProtocol.stop Stopping ProtocolHandler ["http-nio-8080"]
17-Apr-2024 12:31:32.292 INFO [Thread-1] org.apache.coyote.AbstractProtocol.destroy Destroying ProtocolHandler ["http-nio-8080"]
17-Apr-2024 12:31:38.090 INFO [main] org.apache.catalina.startup.VersionLoggerListener.log Server version name:   Apache Tomcat/10.1.20
17-Apr-2024 12:31:38.109 INFO [main] org.apache.catalina.startup.VersionLoggerListener.log Server built:          Mar 19 2024 12:49:58 UTC
17-Apr-2024 12:31:38.109 INFO [main] org.apache.catalina.startup.VersionLoggerListener.log Server version number: 10.1.20.0
17-Apr-2024 12:31:38.109 INFO [main] org.apache.catalina.startup.VersionLoggerListener.log OS Name:               Windows 11
17-Apr-2024 12:31:38.109 INFO [main] org.apache.catalina.startup.VersionLoggerListener.log OS Version:            10.0
17-Apr-2024 12:31:38.109 INFO [main] org.apache.catalina.startup.VersionLoggerListener.log Architecture:          amd64
17-Apr-2024 12:31:38.109 INFO [main] org.apache.catalina.startup.VersionLoggerListener.log Java Home:             C:\Program Files\Eclipse Adoptium\jdk-21.0.2.13-hotspot
17-Apr-2024 12:31:38.109 INFO [main] org.apache.catalina.startup.VersionLoggerListener.log JVM Version:           21.0.2+13-LTS
17-Apr-2024 12:31:38.109 INFO [main] org.apache.catalina.startup.VersionLoggerListener.log JVM Vendor:            Eclipse Adoptium
17-Apr-2024 12:31:38.109 INFO [main] org.apache.catalina.startup.VersionLoggerListener.log CATALINA_BASE:         C:\Code\Java\COMP4321\COMP4321-Crawler\src\apache-tomcat-10.1.20
17-Apr-2024 12:31:38.109 INFO [main] org.apache.catalina.startup.VersionLoggerListener.log CATALINA_HOME:         C:\Code\Java\COMP4321\COMP4321-Crawler\src\apache-tomcat-10.1.20
17-Apr-2024 12:31:38.132 INFO [main] org.apache.catalina.startup.VersionLoggerListener.log Command line argument: -Djava.util.logging.config.file=C:\Code\Java\COMP4321\COMP4321-Crawler\src\apache-tomcat-10.1.20\conf\logging.properties
17-Apr-2024 12:31:38.132 INFO [main] org.apache.catalina.startup.VersionLoggerListener.log Command line argument: -Djava.util.logging.manager=org.apache.juli.ClassLoaderLogManager
17-Apr-2024 12:31:38.132 INFO [main] org.apache.catalina.startup.VersionLoggerListener.log Command line argument: -Djdk.tls.ephemeralDHKeySize=2048
17-Apr-2024 12:31:38.132 INFO [main] org.apache.catalina.startup.VersionLoggerListener.log Command line argument: -Djava.protocol.handler.pkgs=org.apache.catalina.webresources
17-Apr-2024 12:31:38.132 INFO [main] org.apache.catalina.startup.VersionLoggerListener.log Command line argument: --add-opens=java.base/java.lang=ALL-UNNAMED
17-Apr-2024 12:31:38.132 INFO [main] org.apache.catalina.startup.VersionLoggerListener.log Command line argument: --add-opens=java.base/java.io=ALL-UNNAMED
17-Apr-2024 12:31:38.137 INFO [main] org.apache.catalina.startup.VersionLoggerListener.log Command line argument: --add-opens=java.base/java.util=ALL-UNNAMED
17-Apr-2024 12:31:38.137 INFO [main] org.apache.catalina.startup.VersionLoggerListener.log Command line argument: --add-opens=java.base/java.util.concurrent=ALL-UNNAMED
17-Apr-2024 12:31:38.137 INFO [main] org.apache.catalina.startup.VersionLoggerListener.log Command line argument: --add-opens=java.rmi/sun.rmi.transport=ALL-UNNAMED
17-Apr-2024 12:31:38.137 INFO [main] org.apache.catalina.startup.VersionLoggerListener.log Command line argument: -Dcatalina.base=C:\Code\Java\COMP4321\COMP4321-Crawler\src\apache-tomcat-10.1.20
17-Apr-2024 12:31:38.137 INFO [main] org.apache.catalina.startup.VersionLoggerListener.log Command line argument: -Dcatalina.home=C:\Code\Java\COMP4321\COMP4321-Crawler\src\apache-tomcat-10.1.20
17-Apr-2024 12:31:38.137 INFO [main] org.apache.catalina.startup.VersionLoggerListener.log Command line argument: -Djava.io.tmpdir=C:\Code\Java\COMP4321\COMP4321-Crawler\src\apache-tomcat-10.1.20\temp
17-Apr-2024 12:31:38.147 INFO [main] org.apache.catalina.core.AprLifecycleListener.lifecycleEvent The Apache Tomcat Native library which allows using OpenSSL was not found on the java.library.path: [C:\Program Files\Eclipse Adoptium\jdk-21.0.2.13-hotspot\bin;C:\WINDOWS\Sun\Java\bin;C:\WINDOWS\system32;C:\WINDOWS;C:\Program Files\Eclipse Adoptium\jdk-21.0.2.13-hotspot\bin;C:\Program Files (x86)\Microsoft SDKs\Azure\CLI2\wbin;C:\gurobi1003\win64\bin;C:\WINDOWS\system32;C:\WINDOWS;C:\WINDOWS\System32\Wbem;C:\WINDOWS\System32\WindowsPowerShell\v1.0\;C:\WINDOWS\System32\OpenSSH\;C:\Program Files\Git\cmd;C:\Users\yueny\AppData\Roaming\nvm;C:\Program Files\nodejs;C:\Program Files\dotnet\;C:\Users\yueny\AppData\Local\Programs\Python\Python311\include\cpython\;C:\Program Files\Graphviz\bin;C:\Ruby32-x64\bin;C:\Users\yueny\AppData\Local\Programs\Python\Python311\Scripts\;C:\Users\yueny\AppData\Local\Programs\Python\Python311\;C:\Users\yueny\AppData\Local\Microsoft\WindowsApps;C:\Users\yueny\AppData\Local\Programs\Microsoft VS Code\bin;C:\Users\yueny\AppData\Local\GitHubDesktop\bin;C:\Users\yueny\AppData\Roaming\nvm;C:\Program Files\nodejs;C:\msys64\ucrt64\bin;.]
17-Apr-2024 12:31:38.653 INFO [main] org.apache.coyote.AbstractProtocol.init Initializing ProtocolHandler ["http-nio-8080"]
17-Apr-2024 12:31:38.698 INFO [main] org.apache.catalina.startup.Catalina.load Server initialization in [876] milliseconds
17-Apr-2024 12:31:38.791 INFO [main] org.apache.catalina.core.StandardService.startInternal Starting service [Catalina]
17-Apr-2024 12:31:38.791 INFO [main] org.apache.catalina.core.StandardEngine.startInternal Starting Servlet engine: [Apache Tomcat/10.1.20]
17-Apr-2024 12:31:38.817 INFO [main] org.apache.catalina.startup.HostConfig.deployDirectory Deploying web application directory [C:\Code\Java\COMP4321\COMP4321-Crawler\src\apache-tomcat-10.1.20\webapps\comp4321]
17-Apr-2024 12:31:39.542 INFO [main] org.apache.jasper.servlet.TldScanner.scanJars At least one JAR was scanned for TLDs yet contained no TLDs. Enable debug logging for this logger for a complete list of JARs that were scanned but no TLDs were found in them. Skipping unneeded JARs during scanning can improve startup time and JSP compilation time.
17-Apr-2024 12:31:39.651 INFO [main] org.apache.catalina.startup.HostConfig.deployDirectory Deployment of web application directory [C:\Code\Java\COMP4321\COMP4321-Crawler\src\apache-tomcat-10.1.20\webapps\comp4321] has finished in [835] ms
17-Apr-2024 12:31:39.651 INFO [main] org.apache.catalina.startup.HostConfig.deployDirectory Deploying web application directory [C:\Code\Java\COMP4321\COMP4321-Crawler\src\apache-tomcat-10.1.20\webapps\docs]
17-Apr-2024 12:31:39.722 INFO [main] org.apache.catalina.startup.HostConfig.deployDirectory Deployment of web application directory [C:\Code\Java\COMP4321\COMP4321-Crawler\src\apache-tomcat-10.1.20\webapps\docs] has finished in [66] ms
17-Apr-2024 12:31:39.722 INFO [main] org.apache.catalina.startup.HostConfig.deployDirectory Deploying web application directory [C:\Code\Java\COMP4321\COMP4321-Crawler\src\apache-tomcat-10.1.20\webapps\examples]
17-Apr-2024 12:31:40.517 INFO [main] org.apache.catalina.startup.HostConfig.deployDirectory Deployment of web application directory [C:\Code\Java\COMP4321\COMP4321-Crawler\src\apache-tomcat-10.1.20\webapps\examples] has finished in [795] ms
17-Apr-2024 12:31:40.518 INFO [main] org.apache.catalina.startup.HostConfig.deployDirectory Deploying web application directory [C:\Code\Java\COMP4321\COMP4321-Crawler\src\apache-tomcat-10.1.20\webapps\host-manager]
17-Apr-2024 12:31:40.622 INFO [main] org.apache.catalina.startup.HostConfig.deployDirectory Deployment of web application directory [C:\Code\Java\COMP4321\COMP4321-Crawler\src\apache-tomcat-10.1.20\webapps\host-manager] has finished in [104] ms
17-Apr-2024 12:31:40.622 INFO [main] org.apache.catalina.startup.HostConfig.deployDirectory Deploying web application directory [C:\Code\Java\COMP4321\COMP4321-Crawler\src\apache-tomcat-10.1.20\webapps\lab4]
17-Apr-2024 12:31:40.660 INFO [main] org.apache.catalina.startup.HostConfig.deployDirectory Deployment of web application directory [C:\Code\Java\COMP4321\COMP4321-Crawler\src\apache-tomcat-10.1.20\webapps\lab4] has finished in [38] ms
17-Apr-2024 12:31:40.660 INFO [main] org.apache.catalina.startup.HostConfig.deployDirectory Deploying web application directory [C:\Code\Java\COMP4321\COMP4321-Crawler\src\apache-tomcat-10.1.20\webapps\manager]
17-Apr-2024 12:31:40.790 INFO [main] org.apache.catalina.startup.HostConfig.deployDirectory Deployment of web application directory [C:\Code\Java\COMP4321\COMP4321-Crawler\src\apache-tomcat-10.1.20\webapps\manager] has finished in [130] ms
17-Apr-2024 12:31:40.790 INFO [main] org.apache.catalina.startup.HostConfig.deployDirectory Deploying web application directory [C:\Code\Java\COMP4321\COMP4321-Crawler\src\apache-tomcat-10.1.20\webapps\ROOT]
17-Apr-2024 12:31:40.847 INFO [main] org.apache.catalina.startup.HostConfig.deployDirectory Deployment of web application directory [C:\Code\Java\COMP4321\COMP4321-Crawler\src\apache-tomcat-10.1.20\webapps\ROOT] has finished in [57] ms
17-Apr-2024 12:31:40.855 INFO [main] org.apache.coyote.AbstractProtocol.start Starting ProtocolHandler ["http-nio-8080"]
17-Apr-2024 12:31:40.890 INFO [main] org.apache.catalina.startup.Catalina.start Server startup in [2190] milliseconds
17-Apr-2024 18:13:29.937 INFO [Thread-1] org.apache.coyote.AbstractProtocol.pause Pausing ProtocolHandler ["http-nio-8080"]
17-Apr-2024 18:13:29.952 INFO [Thread-1] org.apache.catalina.core.StandardService.stopInternal Stopping service [Catalina]
17-Apr-2024 18:13:30.038 INFO [Thread-1] org.apache.coyote.AbstractProtocol.stop Stopping ProtocolHandler ["http-nio-8080"]
17-Apr-2024 18:13:30.052 INFO [Thread-1] org.apache.coyote.AbstractProtocol.destroy Destroying ProtocolHandler ["http-nio-8080"]
17-Apr-2024 18:13:36.896 INFO [main] org.apache.catalina.startup.VersionLoggerListener.log Server version name:   Apache Tomcat/10.1.20
17-Apr-2024 18:13:36.901 INFO [main] org.apache.catalina.startup.VersionLoggerListener.log Server built:          Mar 19 2024 12:49:58 UTC
17-Apr-2024 18:13:36.902 INFO [main] org.apache.catalina.startup.VersionLoggerListener.log Server version number: 10.1.20.0
17-Apr-2024 18:13:36.902 INFO [main] org.apache.catalina.startup.VersionLoggerListener.log OS Name:               Windows 11
17-Apr-2024 18:13:36.902 INFO [main] org.apache.catalina.startup.VersionLoggerListener.log OS Version:            10.0
17-Apr-2024 18:13:36.903 INFO [main] org.apache.catalina.startup.VersionLoggerListener.log Architecture:          amd64
17-Apr-2024 18:13:36.903 INFO [main] org.apache.catalina.startup.VersionLoggerListener.log Java Home:             C:\Program Files\Eclipse Adoptium\jdk-21.0.2.13-hotspot
17-Apr-2024 18:13:36.903 INFO [main] org.apache.catalina.startup.VersionLoggerListener.log JVM Version:           21.0.2+13-LTS
17-Apr-2024 18:13:36.903 INFO [main] org.apache.catalina.startup.VersionLoggerListener.log JVM Vendor:            Eclipse Adoptium
17-Apr-2024 18:13:36.904 INFO [main] org.apache.catalina.startup.VersionLoggerListener.log CATALINA_BASE:         C:\Code\Java\COMP4321\COMP4321-Crawler\src\apache-tomcat-10.1.20
17-Apr-2024 18:13:36.904 INFO [main] org.apache.catalina.startup.VersionLoggerListener.log CATALINA_HOME:         C:\Code\Java\COMP4321\COMP4321-Crawler\src\apache-tomcat-10.1.20
17-Apr-2024 18:13:36.926 INFO [main] org.apache.catalina.startup.VersionLoggerListener.log Command line argument: -Djava.util.logging.config.file=C:\Code\Java\COMP4321\COMP4321-Crawler\src\apache-tomcat-10.1.20\conf\logging.properties
17-Apr-2024 18:13:36.927 INFO [main] org.apache.catalina.startup.VersionLoggerListener.log Command line argument: -Djava.util.logging.manager=org.apache.juli.ClassLoaderLogManager
17-Apr-2024 18:13:36.927 INFO [main] org.apache.catalina.startup.VersionLoggerListener.log Command line argument: -Djdk.tls.ephemeralDHKeySize=2048
17-Apr-2024 18:13:36.927 INFO [main] org.apache.catalina.startup.VersionLoggerListener.log Command line argument: -Djava.protocol.handler.pkgs=org.apache.catalina.webresources
17-Apr-2024 18:13:36.927 INFO [main] org.apache.catalina.startup.VersionLoggerListener.log Command line argument: --add-opens=java.base/java.lang=ALL-UNNAMED
17-Apr-2024 18:13:36.928 INFO [main] org.apache.catalina.startup.VersionLoggerListener.log Command line argument: --add-opens=java.base/java.io=ALL-UNNAMED
17-Apr-2024 18:13:36.928 INFO [main] org.apache.catalina.startup.VersionLoggerListener.log Command line argument: --add-opens=java.base/java.util=ALL-UNNAMED
17-Apr-2024 18:13:36.929 INFO [main] org.apache.catalina.startup.VersionLoggerListener.log Command line argument: --add-opens=java.base/java.util.concurrent=ALL-UNNAMED
17-Apr-2024 18:13:36.929 INFO [main] org.apache.catalina.startup.VersionLoggerListener.log Command line argument: --add-opens=java.rmi/sun.rmi.transport=ALL-UNNAMED
17-Apr-2024 18:13:36.929 INFO [main] org.apache.catalina.startup.VersionLoggerListener.log Command line argument: -Dcatalina.base=C:\Code\Java\COMP4321\COMP4321-Crawler\src\apache-tomcat-10.1.20
17-Apr-2024 18:13:36.930 INFO [main] org.apache.catalina.startup.VersionLoggerListener.log Command line argument: -Dcatalina.home=C:\Code\Java\COMP4321\COMP4321-Crawler\src\apache-tomcat-10.1.20
17-Apr-2024 18:13:36.930 INFO [main] org.apache.catalina.startup.VersionLoggerListener.log Command line argument: -Djava.io.tmpdir=C:\Code\Java\COMP4321\COMP4321-Crawler\src\apache-tomcat-10.1.20\temp
17-Apr-2024 18:13:36.937 INFO [main] org.apache.catalina.core.AprLifecycleListener.lifecycleEvent The Apache Tomcat Native library which allows using OpenSSL was not found on the java.library.path: [C:\Program Files\Eclipse Adoptium\jdk-21.0.2.13-hotspot\bin;C:\WINDOWS\Sun\Java\bin;C:\WINDOWS\system32;C:\WINDOWS;C:\Program Files\Eclipse Adoptium\jdk-21.0.2.13-hotspot\bin;C:\Program Files (x86)\Microsoft SDKs\Azure\CLI2\wbin;C:\gurobi1003\win64\bin;C:\WINDOWS\system32;C:\WINDOWS;C:\WINDOWS\System32\Wbem;C:\WINDOWS\System32\WindowsPowerShell\v1.0\;C:\WINDOWS\System32\OpenSSH\;C:\Program Files\Git\cmd;C:\Users\yueny\AppData\Roaming\nvm;C:\Program Files\nodejs;C:\Program Files\dotnet\;C:\Users\yueny\AppData\Local\Programs\Python\Python311\include\cpython\;C:\Program Files\Graphviz\bin;C:\Ruby32-x64\bin;C:\Users\yueny\AppData\Local\Programs\Python\Python311\Scripts\;C:\Users\yueny\AppData\Local\Programs\Python\Python311\;C:\Users\yueny\AppData\Local\Microsoft\WindowsApps;C:\Users\yueny\AppData\Local\Programs\Microsoft VS Code\bin;C:\Users\yueny\AppData\Local\GitHubDesktop\bin;C:\Users\yueny\AppData\Roaming\nvm;C:\Program Files\nodejs;C:\msys64\ucrt64\bin;.]
17-Apr-2024 18:13:37.334 INFO [main] org.apache.coyote.AbstractProtocol.init Initializing ProtocolHandler ["http-nio-8080"]
17-Apr-2024 18:13:37.357 INFO [main] org.apache.catalina.startup.Catalina.load Server initialization in [822] milliseconds
17-Apr-2024 18:13:37.427 INFO [main] org.apache.catalina.core.StandardService.startInternal Starting service [Catalina]
17-Apr-2024 18:13:37.427 INFO [main] org.apache.catalina.core.StandardEngine.startInternal Starting Servlet engine: [Apache Tomcat/10.1.20]
17-Apr-2024 18:13:37.438 INFO [main] org.apache.catalina.startup.HostConfig.deployDirectory Deploying web application directory [C:\Code\Java\COMP4321\COMP4321-Crawler\src\apache-tomcat-10.1.20\webapps\comp4321]
17-Apr-2024 18:13:37.957 INFO [main] org.apache.jasper.servlet.TldScanner.scanJars At least one JAR was scanned for TLDs yet contained no TLDs. Enable debug logging for this logger for a complete list of JARs that were scanned but no TLDs were found in them. Skipping unneeded JARs during scanning can improve startup time and JSP compilation time.
17-Apr-2024 18:13:38.014 INFO [main] org.apache.catalina.startup.HostConfig.deployDirectory Deployment of web application directory [C:\Code\Java\COMP4321\COMP4321-Crawler\src\apache-tomcat-10.1.20\webapps\comp4321] has finished in [575] ms
17-Apr-2024 18:13:38.014 INFO [main] org.apache.catalina.startup.HostConfig.deployDirectory Deploying web application directory [C:\Code\Java\COMP4321\COMP4321-Crawler\src\apache-tomcat-10.1.20\webapps\docs]
17-Apr-2024 18:13:38.057 INFO [main] org.apache.catalina.startup.HostConfig.deployDirectory Deployment of web application directory [C:\Code\Java\COMP4321\COMP4321-Crawler\src\apache-tomcat-10.1.20\webapps\docs] has finished in [43] ms
17-Apr-2024 18:13:38.057 INFO [main] org.apache.catalina.startup.HostConfig.deployDirectory Deploying web application directory [C:\Code\Java\COMP4321\COMP4321-Crawler\src\apache-tomcat-10.1.20\webapps\examples]
17-Apr-2024 18:13:39.019 INFO [main] org.apache.catalina.startup.HostConfig.deployDirectory Deployment of web application directory [C:\Code\Java\COMP4321\COMP4321-Crawler\src\apache-tomcat-10.1.20\webapps\examples] has finished in [962] ms
17-Apr-2024 18:13:39.020 INFO [main] org.apache.catalina.startup.HostConfig.deployDirectory Deploying web application directory [C:\Code\Java\COMP4321\COMP4321-Crawler\src\apache-tomcat-10.1.20\webapps\host-manager]
17-Apr-2024 18:13:39.093 INFO [main] org.apache.catalina.startup.HostConfig.deployDirectory Deployment of web application directory [C:\Code\Java\COMP4321\COMP4321-Crawler\src\apache-tomcat-10.1.20\webapps\host-manager] has finished in [73] ms
17-Apr-2024 18:13:39.094 INFO [main] org.apache.catalina.startup.HostConfig.deployDirectory Deploying web application directory [C:\Code\Java\COMP4321\COMP4321-Crawler\src\apache-tomcat-10.1.20\webapps\lab4]
17-Apr-2024 18:13:39.129 INFO [main] org.apache.catalina.startup.HostConfig.deployDirectory Deployment of web application directory [C:\Code\Java\COMP4321\COMP4321-Crawler\src\apache-tomcat-10.1.20\webapps\lab4] has finished in [34] ms
17-Apr-2024 18:13:39.129 INFO [main] org.apache.catalina.startup.HostConfig.deployDirectory Deploying web application directory [C:\Code\Java\COMP4321\COMP4321-Crawler\src\apache-tomcat-10.1.20\webapps\manager]
17-Apr-2024 18:13:39.176 INFO [main] org.apache.catalina.startup.HostConfig.deployDirectory Deployment of web application directory [C:\Code\Java\COMP4321\COMP4321-Crawler\src\apache-tomcat-10.1.20\webapps\manager] has finished in [47] ms
17-Apr-2024 18:13:39.178 INFO [main] org.apache.catalina.startup.HostConfig.deployDirectory Deploying web application directory [C:\Code\Java\COMP4321\COMP4321-Crawler\src\apache-tomcat-10.1.20\webapps\ROOT]
17-Apr-2024 18:13:39.203 INFO [main] org.apache.catalina.startup.HostConfig.deployDirectory Deployment of web application directory [C:\Code\Java\COMP4321\COMP4321-Crawler\src\apache-tomcat-10.1.20\webapps\ROOT] has finished in [25] ms
17-Apr-2024 18:13:39.211 INFO [main] org.apache.coyote.AbstractProtocol.start Starting ProtocolHandler ["http-nio-8080"]
17-Apr-2024 18:13:39.243 INFO [main] org.apache.catalina.startup.Catalina.start Server startup in [1882] milliseconds
17-Apr-2024 18:19:03.682 INFO [Thread-1] org.apache.coyote.AbstractProtocol.pause Pausing ProtocolHandler ["http-nio-8080"]
17-Apr-2024 18:19:03.695 INFO [Thread-1] org.apache.catalina.core.StandardService.stopInternal Stopping service [Catalina]
17-Apr-2024 18:19:03.760 INFO [Thread-1] org.apache.coyote.AbstractProtocol.stop Stopping ProtocolHandler ["http-nio-8080"]
17-Apr-2024 18:19:03.775 INFO [Thread-1] org.apache.coyote.AbstractProtocol.destroy Destroying ProtocolHandler ["http-nio-8080"]
17-Apr-2024 18:19:06.988 INFO [main] org.apache.catalina.startup.VersionLoggerListener.log Server version name:   Apache Tomcat/10.1.20
17-Apr-2024 18:19:06.995 INFO [main] org.apache.catalina.startup.VersionLoggerListener.log Server built:          Mar 19 2024 12:49:58 UTC
17-Apr-2024 18:19:06.995 INFO [main] org.apache.catalina.startup.VersionLoggerListener.log Server version number: 10.1.20.0
17-Apr-2024 18:19:06.995 INFO [main] org.apache.catalina.startup.VersionLoggerListener.log OS Name:               Windows 11
17-Apr-2024 18:19:06.996 INFO [main] org.apache.catalina.startup.VersionLoggerListener.log OS Version:            10.0
17-Apr-2024 18:19:06.996 INFO [main] org.apache.catalina.startup.VersionLoggerListener.log Architecture:          amd64
17-Apr-2024 18:19:06.996 INFO [main] org.apache.catalina.startup.VersionLoggerListener.log Java Home:             C:\Program Files\Eclipse Adoptium\jdk-21.0.2.13-hotspot
17-Apr-2024 18:19:06.996 INFO [main] org.apache.catalina.startup.VersionLoggerListener.log JVM Version:           21.0.2+13-LTS
17-Apr-2024 18:19:06.996 INFO [main] org.apache.catalina.startup.VersionLoggerListener.log JVM Vendor:            Eclipse Adoptium
17-Apr-2024 18:19:06.997 INFO [main] org.apache.catalina.startup.VersionLoggerListener.log CATALINA_BASE:         C:\Code\Java\COMP4321\COMP4321-Crawler\src\apache-tomcat-10.1.20
17-Apr-2024 18:19:06.997 INFO [main] org.apache.catalina.startup.VersionLoggerListener.log CATALINA_HOME:         C:\Code\Java\COMP4321\COMP4321-Crawler\src\apache-tomcat-10.1.20
17-Apr-2024 18:19:07.018 INFO [main] org.apache.catalina.startup.VersionLoggerListener.log Command line argument: -Djava.util.logging.config.file=C:\Code\Java\COMP4321\COMP4321-Crawler\src\apache-tomcat-10.1.20\conf\logging.properties
17-Apr-2024 18:19:07.019 INFO [main] org.apache.catalina.startup.VersionLoggerListener.log Command line argument: -Djava.util.logging.manager=org.apache.juli.ClassLoaderLogManager
17-Apr-2024 18:19:07.019 INFO [main] org.apache.catalina.startup.VersionLoggerListener.log Command line argument: -Djdk.tls.ephemeralDHKeySize=2048
17-Apr-2024 18:19:07.020 INFO [main] org.apache.catalina.startup.VersionLoggerListener.log Command line argument: -Djava.protocol.handler.pkgs=org.apache.catalina.webresources
17-Apr-2024 18:19:07.020 INFO [main] org.apache.catalina.startup.VersionLoggerListener.log Command line argument: --add-opens=java.base/java.lang=ALL-UNNAMED
17-Apr-2024 18:19:07.020 INFO [main] org.apache.catalina.startup.VersionLoggerListener.log Command line argument: --add-opens=java.base/java.io=ALL-UNNAMED
17-Apr-2024 18:19:07.021 INFO [main] org.apache.catalina.startup.VersionLoggerListener.log Command line argument: --add-opens=java.base/java.util=ALL-UNNAMED
17-Apr-2024 18:19:07.021 INFO [main] org.apache.catalina.startup.VersionLoggerListener.log Command line argument: --add-opens=java.base/java.util.concurrent=ALL-UNNAMED
17-Apr-2024 18:19:07.021 INFO [main] org.apache.catalina.startup.VersionLoggerListener.log Command line argument: --add-opens=java.rmi/sun.rmi.transport=ALL-UNNAMED
17-Apr-2024 18:19:07.022 INFO [main] org.apache.catalina.startup.VersionLoggerListener.log Command line argument: -Dcatalina.base=C:\Code\Java\COMP4321\COMP4321-Crawler\src\apache-tomcat-10.1.20
17-Apr-2024 18:19:07.022 INFO [main] org.apache.catalina.startup.VersionLoggerListener.log Command line argument: -Dcatalina.home=C:\Code\Java\COMP4321\COMP4321-Crawler\src\apache-tomcat-10.1.20
17-Apr-2024 18:19:07.023 INFO [main] org.apache.catalina.startup.VersionLoggerListener.log Command line argument: -Djava.io.tmpdir=C:\Code\Java\COMP4321\COMP4321-Crawler\src\apache-tomcat-10.1.20\temp
17-Apr-2024 18:19:07.033 INFO [main] org.apache.catalina.core.AprLifecycleListener.lifecycleEvent The Apache Tomcat Native library which allows using OpenSSL was not found on the java.library.path: [C:\Program Files\Eclipse Adoptium\jdk-21.0.2.13-hotspot\bin;C:\WINDOWS\Sun\Java\bin;C:\WINDOWS\system32;C:\WINDOWS;C:\Program Files\Eclipse Adoptium\jdk-21.0.2.13-hotspot\bin;C:\Program Files (x86)\Microsoft SDKs\Azure\CLI2\wbin;C:\gurobi1003\win64\bin;C:\WINDOWS\system32;C:\WINDOWS;C:\WINDOWS\System32\Wbem;C:\WINDOWS\System32\WindowsPowerShell\v1.0\;C:\WINDOWS\System32\OpenSSH\;C:\Program Files\Git\cmd;C:\Users\yueny\AppData\Roaming\nvm;C:\Program Files\nodejs;C:\Program Files\dotnet\;C:\Users\yueny\AppData\Local\Programs\Python\Python311\include\cpython\;C:\Program Files\Graphviz\bin;C:\Ruby32-x64\bin;C:\Users\yueny\AppData\Local\Programs\Python\Python311\Scripts\;C:\Users\yueny\AppData\Local\Programs\Python\Python311\;C:\Users\yueny\AppData\Local\Microsoft\WindowsApps;C:\Users\yueny\AppData\Local\Programs\Microsoft VS Code\bin;C:\Users\yueny\AppData\Local\GitHubDesktop\bin;C:\Users\yueny\AppData\Roaming\nvm;C:\Program Files\nodejs;C:\msys64\ucrt64\bin;.]
17-Apr-2024 18:19:07.465 INFO [main] org.apache.coyote.AbstractProtocol.init Initializing ProtocolHandler ["http-nio-8080"]
17-Apr-2024 18:19:07.487 INFO [main] org.apache.catalina.startup.Catalina.load Server initialization in [888] milliseconds
17-Apr-2024 18:19:07.553 INFO [main] org.apache.catalina.core.StandardService.startInternal Starting service [Catalina]
17-Apr-2024 18:19:07.554 INFO [main] org.apache.catalina.core.StandardEngine.startInternal Starting Servlet engine: [Apache Tomcat/10.1.20]
17-Apr-2024 18:19:07.571 INFO [main] org.apache.catalina.startup.HostConfig.deployDirectory Deploying web application directory [C:\Code\Java\COMP4321\COMP4321-Crawler\src\apache-tomcat-10.1.20\webapps\comp4321]
17-Apr-2024 18:19:08.030 INFO [main] org.apache.jasper.servlet.TldScanner.scanJars At least one JAR was scanned for TLDs yet contained no TLDs. Enable debug logging for this logger for a complete list of JARs that were scanned but no TLDs were found in them. Skipping unneeded JARs during scanning can improve startup time and JSP compilation time.
17-Apr-2024 18:19:08.096 INFO [main] org.apache.catalina.startup.HostConfig.deployDirectory Deployment of web application directory [C:\Code\Java\COMP4321\COMP4321-Crawler\src\apache-tomcat-10.1.20\webapps\comp4321] has finished in [522] ms
17-Apr-2024 18:19:08.096 INFO [main] org.apache.catalina.startup.HostConfig.deployDirectory Deploying web application directory [C:\Code\Java\COMP4321\COMP4321-Crawler\src\apache-tomcat-10.1.20\webapps\docs]
17-Apr-2024 18:19:08.138 INFO [main] org.apache.catalina.startup.HostConfig.deployDirectory Deployment of web application directory [C:\Code\Java\COMP4321\COMP4321-Crawler\src\apache-tomcat-10.1.20\webapps\docs] has finished in [41] ms
17-Apr-2024 18:19:08.138 INFO [main] org.apache.catalina.startup.HostConfig.deployDirectory Deploying web application directory [C:\Code\Java\COMP4321\COMP4321-Crawler\src\apache-tomcat-10.1.20\webapps\examples]
17-Apr-2024 18:19:08.737 INFO [main] org.apache.catalina.startup.HostConfig.deployDirectory Deployment of web application directory [C:\Code\Java\COMP4321\COMP4321-Crawler\src\apache-tomcat-10.1.20\webapps\examples] has finished in [599] ms
17-Apr-2024 18:19:08.738 INFO [main] org.apache.catalina.startup.HostConfig.deployDirectory Deploying web application directory [C:\Code\Java\COMP4321\COMP4321-Crawler\src\apache-tomcat-10.1.20\webapps\host-manager]
17-Apr-2024 18:19:08.805 INFO [main] org.apache.catalina.startup.HostConfig.deployDirectory Deployment of web application directory [C:\Code\Java\COMP4321\COMP4321-Crawler\src\apache-tomcat-10.1.20\webapps\host-manager] has finished in [66] ms
17-Apr-2024 18:19:08.805 INFO [main] org.apache.catalina.startup.HostConfig.deployDirectory Deploying web application directory [C:\Code\Java\COMP4321\COMP4321-Crawler\src\apache-tomcat-10.1.20\webapps\lab4]
17-Apr-2024 18:19:08.837 INFO [main] org.apache.catalina.startup.HostConfig.deployDirectory Deployment of web application directory [C:\Code\Java\COMP4321\COMP4321-Crawler\src\apache-tomcat-10.1.20\webapps\lab4] has finished in [32] ms
17-Apr-2024 18:19:08.838 INFO [main] org.apache.catalina.startup.HostConfig.deployDirectory Deploying web application directory [C:\Code\Java\COMP4321\COMP4321-Crawler\src\apache-tomcat-10.1.20\webapps\manager]
17-Apr-2024 18:19:08.880 INFO [main] org.apache.catalina.startup.HostConfig.deployDirectory Deployment of web application directory [C:\Code\Java\COMP4321\COMP4321-Crawler\src\apache-tomcat-10.1.20\webapps\manager] has finished in [41] ms
17-Apr-2024 18:19:08.880 INFO [main] org.apache.catalina.startup.HostConfig.deployDirectory Deploying web application directory [C:\Code\Java\COMP4321\COMP4321-Crawler\src\apache-tomcat-10.1.20\webapps\ROOT]
17-Apr-2024 18:19:08.903 INFO [main] org.apache.catalina.startup.HostConfig.deployDirectory Deployment of web application directory [C:\Code\Java\COMP4321\COMP4321-Crawler\src\apache-tomcat-10.1.20\webapps\ROOT] has finished in [23] ms
17-Apr-2024 18:19:08.911 INFO [main] org.apache.coyote.AbstractProtocol.start Starting ProtocolHandler ["http-nio-8080"]
17-Apr-2024 18:19:08.936 INFO [main] org.apache.catalina.startup.Catalina.start Server startup in [1447] milliseconds
17-Apr-2024 20:47:32.375 INFO [Thread-1] org.apache.coyote.AbstractProtocol.pause Pausing ProtocolHandler ["http-nio-8080"]
17-Apr-2024 20:47:32.394 INFO [Thread-1] org.apache.catalina.core.StandardService.stopInternal Stopping service [Catalina]
17-Apr-2024 20:47:32.500 INFO [Thread-1] org.apache.coyote.AbstractProtocol.stop Stopping ProtocolHandler ["http-nio-8080"]
17-Apr-2024 20:47:32.523 INFO [Thread-1] org.apache.coyote.AbstractProtocol.destroy Destroying ProtocolHandler ["http-nio-8080"]
17-Apr-2024 20:47:51.690 INFO [main] org.apache.catalina.startup.VersionLoggerListener.log Server version name:   Apache Tomcat/10.1.20
17-Apr-2024 20:47:51.703 INFO [main] org.apache.catalina.startup.VersionLoggerListener.log Server built:          Mar 19 2024 12:49:58 UTC
17-Apr-2024 20:47:51.703 INFO [main] org.apache.catalina.startup.VersionLoggerListener.log Server version number: 10.1.20.0
17-Apr-2024 20:47:51.704 INFO [main] org.apache.catalina.startup.VersionLoggerListener.log OS Name:               Windows 11
17-Apr-2024 20:47:51.704 INFO [main] org.apache.catalina.startup.VersionLoggerListener.log OS Version:            10.0
17-Apr-2024 20:47:51.704 INFO [main] org.apache.catalina.startup.VersionLoggerListener.log Architecture:          amd64
17-Apr-2024 20:47:51.705 INFO [main] org.apache.catalina.startup.VersionLoggerListener.log Java Home:             C:\Program Files\Eclipse Adoptium\jdk-21.0.2.13-hotspot
17-Apr-2024 20:47:51.705 INFO [main] org.apache.catalina.startup.VersionLoggerListener.log JVM Version:           21.0.2+13-LTS
17-Apr-2024 20:47:51.706 INFO [main] org.apache.catalina.startup.VersionLoggerListener.log JVM Vendor:            Eclipse Adoptium
17-Apr-2024 20:47:51.706 INFO [main] org.apache.catalina.startup.VersionLoggerListener.log CATALINA_BASE:         C:\Code\Java\COMP4321\COMP4321-Crawler\src\apache-tomcat-10.1.20
17-Apr-2024 20:47:51.706 INFO [main] org.apache.catalina.startup.VersionLoggerListener.log CATALINA_HOME:         C:\Code\Java\COMP4321\COMP4321-Crawler\src\apache-tomcat-10.1.20
17-Apr-2024 20:47:51.731 INFO [main] org.apache.catalina.startup.VersionLoggerListener.log Command line argument: -Djava.util.logging.config.file=C:\Code\Java\COMP4321\COMP4321-Crawler\src\apache-tomcat-10.1.20\conf\logging.properties
17-Apr-2024 20:47:51.732 INFO [main] org.apache.catalina.startup.VersionLoggerListener.log Command line argument: -Djava.util.logging.manager=org.apache.juli.ClassLoaderLogManager
17-Apr-2024 20:47:51.733 INFO [main] org.apache.catalina.startup.VersionLoggerListener.log Command line argument: -Djdk.tls.ephemeralDHKeySize=2048
17-Apr-2024 20:47:51.733 INFO [main] org.apache.catalina.startup.VersionLoggerListener.log Command line argument: -Djava.protocol.handler.pkgs=org.apache.catalina.webresources
17-Apr-2024 20:47:51.733 INFO [main] org.apache.catalina.startup.VersionLoggerListener.log Command line argument: --add-opens=java.base/java.lang=ALL-UNNAMED
17-Apr-2024 20:47:51.734 INFO [main] org.apache.catalina.startup.VersionLoggerListener.log Command line argument: --add-opens=java.base/java.io=ALL-UNNAMED
17-Apr-2024 20:47:51.735 INFO [main] org.apache.catalina.startup.VersionLoggerListener.log Command line argument: --add-opens=java.base/java.util=ALL-UNNAMED
17-Apr-2024 20:47:51.736 INFO [main] org.apache.catalina.startup.VersionLoggerListener.log Command line argument: --add-opens=java.base/java.util.concurrent=ALL-UNNAMED
17-Apr-2024 20:47:51.736 INFO [main] org.apache.catalina.startup.VersionLoggerListener.log Command line argument: --add-opens=java.rmi/sun.rmi.transport=ALL-UNNAMED
17-Apr-2024 20:47:51.737 INFO [main] org.apache.catalina.startup.VersionLoggerListener.log Command line argument: -Dcatalina.base=C:\Code\Java\COMP4321\COMP4321-Crawler\src\apache-tomcat-10.1.20
17-Apr-2024 20:47:51.738 INFO [main] org.apache.catalina.startup.VersionLoggerListener.log Command line argument: -Dcatalina.home=C:\Code\Java\COMP4321\COMP4321-Crawler\src\apache-tomcat-10.1.20
17-Apr-2024 20:47:51.739 INFO [main] org.apache.catalina.startup.VersionLoggerListener.log Command line argument: -Djava.io.tmpdir=C:\Code\Java\COMP4321\COMP4321-Crawler\src\apache-tomcat-10.1.20\temp
17-Apr-2024 20:47:51.747 INFO [main] org.apache.catalina.core.AprLifecycleListener.lifecycleEvent The Apache Tomcat Native library which allows using OpenSSL was not found on the java.library.path: [C:\Program Files\Eclipse Adoptium\jdk-21.0.2.13-hotspot\bin;C:\WINDOWS\Sun\Java\bin;C:\WINDOWS\system32;C:\WINDOWS;C:\Program Files\Eclipse Adoptium\jdk-21.0.2.13-hotspot\bin;C:\Program Files (x86)\Microsoft SDKs\Azure\CLI2\wbin;C:\gurobi1003\win64\bin;C:\WINDOWS\system32;C:\WINDOWS;C:\WINDOWS\System32\Wbem;C:\WINDOWS\System32\WindowsPowerShell\v1.0\;C:\WINDOWS\System32\OpenSSH\;C:\Program Files\Git\cmd;C:\Users\yueny\AppData\Roaming\nvm;C:\Program Files\nodejs;C:\Program Files\dotnet\;C:\Users\yueny\AppData\Local\Programs\Python\Python311\include\cpython\;C:\Program Files\Graphviz\bin;C:\Ruby32-x64\bin;C:\Users\yueny\AppData\Local\Programs\Python\Python311\Scripts\;C:\Users\yueny\AppData\Local\Programs\Python\Python311\;C:\Users\yueny\AppData\Local\Microsoft\WindowsApps;C:\Users\yueny\AppData\Local\Programs\Microsoft VS Code\bin;C:\Users\yueny\AppData\Local\GitHubDesktop\bin;C:\Users\yueny\AppData\Roaming\nvm;C:\Program Files\nodejs;C:\msys64\ucrt64\bin;.]
17-Apr-2024 20:47:52.177 INFO [main] org.apache.coyote.AbstractProtocol.init Initializing ProtocolHandler ["http-nio-8080"]
17-Apr-2024 20:47:52.214 INFO [main] org.apache.catalina.startup.Catalina.load Server initialization in [821] milliseconds
17-Apr-2024 20:47:52.316 INFO [main] org.apache.catalina.core.StandardService.startInternal Starting service [Catalina]
17-Apr-2024 20:47:52.317 INFO [main] org.apache.catalina.core.StandardEngine.startInternal Starting Servlet engine: [Apache Tomcat/10.1.20]
17-Apr-2024 20:47:52.337 INFO [main] org.apache.catalina.startup.HostConfig.deployDirectory Deploying web application directory [C:\Code\Java\COMP4321\COMP4321-Crawler\src\apache-tomcat-10.1.20\webapps\comp4321]
17-Apr-2024 20:47:53.022 INFO [main] org.apache.jasper.servlet.TldScanner.scanJars At least one JAR was scanned for TLDs yet contained no TLDs. Enable debug logging for this logger for a complete list of JARs that were scanned but no TLDs were found in them. Skipping unneeded JARs during scanning can improve startup time and JSP compilation time.
17-Apr-2024 20:47:53.100 INFO [main] org.apache.catalina.startup.HostConfig.deployDirectory Deployment of web application directory [C:\Code\Java\COMP4321\COMP4321-Crawler\src\apache-tomcat-10.1.20\webapps\comp4321] has finished in [762] ms
17-Apr-2024 20:47:53.101 INFO [main] org.apache.catalina.startup.HostConfig.deployDirectory Deploying web application directory [C:\Code\Java\COMP4321\COMP4321-Crawler\src\apache-tomcat-10.1.20\webapps\docs]
17-Apr-2024 20:47:53.162 INFO [main] org.apache.catalina.startup.HostConfig.deployDirectory Deployment of web application directory [C:\Code\Java\COMP4321\COMP4321-Crawler\src\apache-tomcat-10.1.20\webapps\docs] has finished in [62] ms
17-Apr-2024 20:47:53.164 INFO [main] org.apache.catalina.startup.HostConfig.deployDirectory Deploying web application directory [C:\Code\Java\COMP4321\COMP4321-Crawler\src\apache-tomcat-10.1.20\webapps\examples]
17-Apr-2024 20:47:53.684 INFO [main] org.apache.catalina.startup.HostConfig.deployDirectory Deployment of web application directory [C:\Code\Java\COMP4321\COMP4321-Crawler\src\apache-tomcat-10.1.20\webapps\examples] has finished in [520] ms
17-Apr-2024 20:47:53.684 INFO [main] org.apache.catalina.startup.HostConfig.deployDirectory Deploying web application directory [C:\Code\Java\COMP4321\COMP4321-Crawler\src\apache-tomcat-10.1.20\webapps\host-manager]
17-Apr-2024 20:47:53.742 INFO [main] org.apache.catalina.startup.HostConfig.deployDirectory Deployment of web application directory [C:\Code\Java\COMP4321\COMP4321-Crawler\src\apache-tomcat-10.1.20\webapps\host-manager] has finished in [57] ms
17-Apr-2024 20:47:53.743 INFO [main] org.apache.catalina.startup.HostConfig.deployDirectory Deploying web application directory [C:\Code\Java\COMP4321\COMP4321-Crawler\src\apache-tomcat-10.1.20\webapps\lab4]
17-Apr-2024 20:47:53.772 INFO [main] org.apache.catalina.startup.HostConfig.deployDirectory Deployment of web application directory [C:\Code\Java\COMP4321\COMP4321-Crawler\src\apache-tomcat-10.1.20\webapps\lab4] has finished in [30] ms
17-Apr-2024 20:47:53.773 INFO [main] org.apache.catalina.startup.HostConfig.deployDirectory Deploying web application directory [C:\Code\Java\COMP4321\COMP4321-Crawler\src\apache-tomcat-10.1.20\webapps\manager]
17-Apr-2024 20:47:53.817 INFO [main] org.apache.catalina.startup.HostConfig.deployDirectory Deployment of web application directory [C:\Code\Java\COMP4321\COMP4321-Crawler\src\apache-tomcat-10.1.20\webapps\manager] has finished in [45] ms
17-Apr-2024 20:47:53.818 INFO [main] org.apache.catalina.startup.HostConfig.deployDirectory Deploying web application directory [C:\Code\Java\COMP4321\COMP4321-Crawler\src\apache-tomcat-10.1.20\webapps\ROOT]
17-Apr-2024 20:47:53.852 INFO [main] org.apache.catalina.startup.HostConfig.deployDirectory Deployment of web application directory [C:\Code\Java\COMP4321\COMP4321-Crawler\src\apache-tomcat-10.1.20\webapps\ROOT] has finished in [33] ms
17-Apr-2024 20:47:53.859 INFO [main] org.apache.coyote.AbstractProtocol.start Starting ProtocolHandler ["http-nio-8080"]
17-Apr-2024 20:47:53.913 INFO [main] org.apache.catalina.startup.Catalina.start Server startup in [1697] milliseconds
17-Apr-2024 20:58:02.308 INFO [Thread-1] org.apache.coyote.AbstractProtocol.pause Pausing ProtocolHandler ["http-nio-8080"]
17-Apr-2024 20:58:02.328 INFO [Thread-1] org.apache.catalina.core.StandardService.stopInternal Stopping service [Catalina]
17-Apr-2024 20:58:02.409 INFO [Thread-1] org.apache.coyote.AbstractProtocol.stop Stopping ProtocolHandler ["http-nio-8080"]
17-Apr-2024 20:58:02.429 INFO [Thread-1] org.apache.coyote.AbstractProtocol.destroy Destroying ProtocolHandler ["http-nio-8080"]
17-Apr-2024 20:58:08.334 INFO [main] org.apache.catalina.startup.VersionLoggerListener.log Server version name:   Apache Tomcat/10.1.20
17-Apr-2024 20:58:08.344 INFO [main] org.apache.catalina.startup.VersionLoggerListener.log Server built:          Mar 19 2024 12:49:58 UTC
17-Apr-2024 20:58:08.345 INFO [main] org.apache.catalina.startup.VersionLoggerListener.log Server version number: 10.1.20.0
17-Apr-2024 20:58:08.345 INFO [main] org.apache.catalina.startup.VersionLoggerListener.log OS Name:               Windows 11
17-Apr-2024 20:58:08.345 INFO [main] org.apache.catalina.startup.VersionLoggerListener.log OS Version:            10.0
17-Apr-2024 20:58:08.346 INFO [main] org.apache.catalina.startup.VersionLoggerListener.log Architecture:          amd64
17-Apr-2024 20:58:08.346 INFO [main] org.apache.catalina.startup.VersionLoggerListener.log Java Home:             C:\Program Files\Eclipse Adoptium\jdk-21.0.2.13-hotspot
17-Apr-2024 20:58:08.346 INFO [main] org.apache.catalina.startup.VersionLoggerListener.log JVM Version:           21.0.2+13-LTS
17-Apr-2024 20:58:08.347 INFO [main] org.apache.catalina.startup.VersionLoggerListener.log JVM Vendor:            Eclipse Adoptium
17-Apr-2024 20:58:08.347 INFO [main] org.apache.catalina.startup.VersionLoggerListener.log CATALINA_BASE:         C:\Code\Java\COMP4321\COMP4321-Crawler\src\apache-tomcat-10.1.20
17-Apr-2024 20:58:08.348 INFO [main] org.apache.catalina.startup.VersionLoggerListener.log CATALINA_HOME:         C:\Code\Java\COMP4321\COMP4321-Crawler\src\apache-tomcat-10.1.20
17-Apr-2024 20:58:08.376 INFO [main] org.apache.catalina.startup.VersionLoggerListener.log Command line argument: -Djava.util.logging.config.file=C:\Code\Java\COMP4321\COMP4321-Crawler\src\apache-tomcat-10.1.20\conf\logging.properties
17-Apr-2024 20:58:08.376 INFO [main] org.apache.catalina.startup.VersionLoggerListener.log Command line argument: -Djava.util.logging.manager=org.apache.juli.ClassLoaderLogManager
17-Apr-2024 20:58:08.376 INFO [main] org.apache.catalina.startup.VersionLoggerListener.log Command line argument: -Djdk.tls.ephemeralDHKeySize=2048
17-Apr-2024 20:58:08.377 INFO [main] org.apache.catalina.startup.VersionLoggerListener.log Command line argument: -Djava.protocol.handler.pkgs=org.apache.catalina.webresources
17-Apr-2024 20:58:08.377 INFO [main] org.apache.catalina.startup.VersionLoggerListener.log Command line argument: --add-opens=java.base/java.lang=ALL-UNNAMED
17-Apr-2024 20:58:08.378 INFO [main] org.apache.catalina.startup.VersionLoggerListener.log Command line argument: --add-opens=java.base/java.io=ALL-UNNAMED
17-Apr-2024 20:58:08.378 INFO [main] org.apache.catalina.startup.VersionLoggerListener.log Command line argument: --add-opens=java.base/java.util=ALL-UNNAMED
17-Apr-2024 20:58:08.378 INFO [main] org.apache.catalina.startup.VersionLoggerListener.log Command line argument: --add-opens=java.base/java.util.concurrent=ALL-UNNAMED
17-Apr-2024 20:58:08.380 INFO [main] org.apache.catalina.startup.VersionLoggerListener.log Command line argument: --add-opens=java.rmi/sun.rmi.transport=ALL-UNNAMED
17-Apr-2024 20:58:08.380 INFO [main] org.apache.catalina.startup.VersionLoggerListener.log Command line argument: -Dcatalina.base=C:\Code\Java\COMP4321\COMP4321-Crawler\src\apache-tomcat-10.1.20
17-Apr-2024 20:58:08.381 INFO [main] org.apache.catalina.startup.VersionLoggerListener.log Command line argument: -Dcatalina.home=C:\Code\Java\COMP4321\COMP4321-Crawler\src\apache-tomcat-10.1.20
17-Apr-2024 20:58:08.381 INFO [main] org.apache.catalina.startup.VersionLoggerListener.log Command line argument: -Djava.io.tmpdir=C:\Code\Java\COMP4321\COMP4321-Crawler\src\apache-tomcat-10.1.20\temp
17-Apr-2024 20:58:08.391 INFO [main] org.apache.catalina.core.AprLifecycleListener.lifecycleEvent The Apache Tomcat Native library which allows using OpenSSL was not found on the java.library.path: [C:\Program Files\Eclipse Adoptium\jdk-21.0.2.13-hotspot\bin;C:\WINDOWS\Sun\Java\bin;C:\WINDOWS\system32;C:\WINDOWS;C:\Program Files\Eclipse Adoptium\jdk-21.0.2.13-hotspot\bin;C:\Program Files (x86)\Microsoft SDKs\Azure\CLI2\wbin;C:\gurobi1003\win64\bin;C:\WINDOWS\system32;C:\WINDOWS;C:\WINDOWS\System32\Wbem;C:\WINDOWS\System32\WindowsPowerShell\v1.0\;C:\WINDOWS\System32\OpenSSH\;C:\Program Files\Git\cmd;C:\Users\yueny\AppData\Roaming\nvm;C:\Program Files\nodejs;C:\Program Files\dotnet\;C:\Users\yueny\AppData\Local\Programs\Python\Python311\include\cpython\;C:\Program Files\Graphviz\bin;C:\Ruby32-x64\bin;C:\Users\yueny\AppData\Local\Programs\Python\Python311\Scripts\;C:\Users\yueny\AppData\Local\Programs\Python\Python311\;C:\Users\yueny\AppData\Local\Microsoft\WindowsApps;C:\Users\yueny\AppData\Local\Programs\Microsoft VS Code\bin;C:\Users\yueny\AppData\Local\GitHubDesktop\bin;C:\Users\yueny\AppData\Roaming\nvm;C:\Program Files\nodejs;C:\msys64\ucrt64\bin;.]
17-Apr-2024 20:58:08.920 INFO [main] org.apache.coyote.AbstractProtocol.init Initializing ProtocolHandler ["http-nio-8080"]
17-Apr-2024 20:58:08.979 INFO [main] org.apache.catalina.startup.Catalina.load Server initialization in [1092] milliseconds
17-Apr-2024 20:58:09.079 INFO [main] org.apache.catalina.core.StandardService.startInternal Starting service [Catalina]
17-Apr-2024 20:58:09.080 INFO [main] org.apache.catalina.core.StandardEngine.startInternal Starting Servlet engine: [Apache Tomcat/10.1.20]
17-Apr-2024 20:58:09.103 INFO [main] org.apache.catalina.startup.HostConfig.deployDirectory Deploying web application directory [C:\Code\Java\COMP4321\COMP4321-Crawler\src\apache-tomcat-10.1.20\webapps\comp4321]
17-Apr-2024 20:58:09.857 INFO [main] org.apache.jasper.servlet.TldScanner.scanJars At least one JAR was scanned for TLDs yet contained no TLDs. Enable debug logging for this logger for a complete list of JARs that were scanned but no TLDs were found in them. Skipping unneeded JARs during scanning can improve startup time and JSP compilation time.
17-Apr-2024 20:58:09.926 INFO [main] org.apache.catalina.startup.HostConfig.deployDirectory Deployment of web application directory [C:\Code\Java\COMP4321\COMP4321-Crawler\src\apache-tomcat-10.1.20\webapps\comp4321] has finished in [823] ms
17-Apr-2024 20:58:09.931 INFO [main] org.apache.catalina.startup.HostConfig.deployDirectory Deploying web application directory [C:\Code\Java\COMP4321\COMP4321-Crawler\src\apache-tomcat-10.1.20\webapps\docs]
17-Apr-2024 20:58:09.986 INFO [main] org.apache.catalina.startup.HostConfig.deployDirectory Deployment of web application directory [C:\Code\Java\COMP4321\COMP4321-Crawler\src\apache-tomcat-10.1.20\webapps\docs] has finished in [53] ms
17-Apr-2024 20:58:09.986 INFO [main] org.apache.catalina.startup.HostConfig.deployDirectory Deploying web application directory [C:\Code\Java\COMP4321\COMP4321-Crawler\src\apache-tomcat-10.1.20\webapps\examples]
17-Apr-2024 20:58:10.533 INFO [main] org.apache.catalina.startup.HostConfig.deployDirectory Deployment of web application directory [C:\Code\Java\COMP4321\COMP4321-Crawler\src\apache-tomcat-10.1.20\webapps\examples] has finished in [547] ms
17-Apr-2024 20:58:10.533 INFO [main] org.apache.catalina.startup.HostConfig.deployDirectory Deploying web application directory [C:\Code\Java\COMP4321\COMP4321-Crawler\src\apache-tomcat-10.1.20\webapps\host-manager]
17-Apr-2024 20:58:10.611 INFO [main] org.apache.catalina.startup.HostConfig.deployDirectory Deployment of web application directory [C:\Code\Java\COMP4321\COMP4321-Crawler\src\apache-tomcat-10.1.20\webapps\host-manager] has finished in [78] ms
17-Apr-2024 20:58:10.611 INFO [main] org.apache.catalina.startup.HostConfig.deployDirectory Deploying web application directory [C:\Code\Java\COMP4321\COMP4321-Crawler\src\apache-tomcat-10.1.20\webapps\lab4]
17-Apr-2024 20:58:10.646 INFO [main] org.apache.catalina.startup.HostConfig.deployDirectory Deployment of web application directory [C:\Code\Java\COMP4321\COMP4321-Crawler\src\apache-tomcat-10.1.20\webapps\lab4] has finished in [35] ms
17-Apr-2024 20:58:10.650 INFO [main] org.apache.catalina.startup.HostConfig.deployDirectory Deploying web application directory [C:\Code\Java\COMP4321\COMP4321-Crawler\src\apache-tomcat-10.1.20\webapps\manager]
17-Apr-2024 20:58:10.699 INFO [main] org.apache.catalina.startup.HostConfig.deployDirectory Deployment of web application directory [C:\Code\Java\COMP4321\COMP4321-Crawler\src\apache-tomcat-10.1.20\webapps\manager] has finished in [49] ms
17-Apr-2024 20:58:10.706 INFO [main] org.apache.catalina.startup.HostConfig.deployDirectory Deploying web application directory [C:\Code\Java\COMP4321\COMP4321-Crawler\src\apache-tomcat-10.1.20\webapps\ROOT]
17-Apr-2024 20:58:10.743 INFO [main] org.apache.catalina.startup.HostConfig.deployDirectory Deployment of web application directory [C:\Code\Java\COMP4321\COMP4321-Crawler\src\apache-tomcat-10.1.20\webapps\ROOT] has finished in [37] ms
17-Apr-2024 20:58:10.745 INFO [main] org.apache.coyote.AbstractProtocol.start Starting ProtocolHandler ["http-nio-8080"]
17-Apr-2024 20:58:10.782 INFO [main] org.apache.catalina.startup.Catalina.start Server startup in [1800] milliseconds
17-Apr-2024 22:37:49.153 INFO [Thread-1] org.apache.coyote.AbstractProtocol.pause Pausing ProtocolHandler ["http-nio-8080"]
17-Apr-2024 22:37:49.166 INFO [Thread-1] org.apache.catalina.core.StandardService.stopInternal Stopping service [Catalina]
17-Apr-2024 22:37:49.256 INFO [Thread-1] org.apache.coyote.AbstractProtocol.stop Stopping ProtocolHandler ["http-nio-8080"]
17-Apr-2024 22:37:49.269 INFO [Thread-1] org.apache.coyote.AbstractProtocol.destroy Destroying ProtocolHandler ["http-nio-8080"]
