07-May-2024 10:38:15.716 INFO [main] org.apache.catalina.startup.VersionLoggerListener.log Server version name:   Apache Tomcat/10.1.20
07-May-2024 10:38:15.718 INFO [main] org.apache.catalina.startup.VersionLoggerListener.log Server built:          Mar 19 2024 12:49:58 UTC
07-May-2024 10:38:15.718 INFO [main] org.apache.catalina.startup.VersionLoggerListener.log Server version number: 10.1.20.0
07-May-2024 10:38:15.718 INFO [main] org.apache.catalina.startup.VersionLoggerListener.log OS Name:               Windows 11
07-May-2024 10:38:15.718 INFO [main] org.apache.catalina.startup.VersionLoggerListener.log OS Version:            10.0
07-May-2024 10:38:15.719 INFO [main] org.apache.catalina.startup.VersionLoggerListener.log Architecture:          amd64
07-May-2024 10:38:15.719 INFO [main] org.apache.catalina.startup.VersionLoggerListener.log Java Home:             C:\Program Files\Java\jdk-22
07-May-2024 10:38:15.719 INFO [main] org.apache.catalina.startup.VersionLoggerListener.log JVM Version:           22.0.1+8-16
07-May-2024 10:38:15.719 INFO [main] org.apache.catalina.startup.VersionLoggerListener.log JVM Vendor:            Oracle Corporation
07-May-2024 10:38:15.719 INFO [main] org.apache.catalina.startup.VersionLoggerListener.log CATALINA_BASE:         C:\Users\admin\Desktop\UST\23-24_Spring\COMP4321\project\COMP4321-Crawler\src\apache-tomcat-10.1.20
07-May-2024 10:38:15.719 INFO [main] org.apache.catalina.startup.VersionLoggerListener.log CATALINA_HOME:         C:\Users\admin\Desktop\UST\23-24_Spring\COMP4321\project\COMP4321-Crawler\src\apache-tomcat-10.1.20
07-May-2024 10:38:15.725 INFO [main] org.apache.catalina.startup.VersionLoggerListener.log Command line argument: -Djava.util.logging.config.file=C:\Users\admin\Desktop\UST\23-24_Spring\COMP4321\project\COMP4321-Crawler\src\apache-tomcat-10.1.20\conf\logging.properties
07-May-2024 10:38:15.725 INFO [main] org.apache.catalina.startup.VersionLoggerListener.log Command line argument: -Djava.util.logging.manager=org.apache.juli.ClassLoaderLogManager
07-May-2024 10:38:15.725 INFO [main] org.apache.catalina.startup.VersionLoggerListener.log Command line argument: -Djdk.tls.ephemeralDHKeySize=2048
07-May-2024 10:38:15.725 INFO [main] org.apache.catalina.startup.VersionLoggerListener.log Command line argument: -Djava.protocol.handler.pkgs=org.apache.catalina.webresources
07-May-2024 10:38:15.725 INFO [main] org.apache.catalina.startup.VersionLoggerListener.log Command line argument: --add-opens=java.base/java.lang=ALL-UNNAMED
07-May-2024 10:38:15.726 INFO [main] org.apache.catalina.startup.VersionLoggerListener.log Command line argument: --add-opens=java.base/java.io=ALL-UNNAMED
07-May-2024 10:38:15.726 INFO [main] org.apache.catalina.startup.VersionLoggerListener.log Command line argument: --add-opens=java.base/java.util=ALL-UNNAMED
07-May-2024 10:38:15.726 INFO [main] org.apache.catalina.startup.VersionLoggerListener.log Command line argument: --add-opens=java.base/java.util.concurrent=ALL-UNNAMED
07-May-2024 10:38:15.726 INFO [main] org.apache.catalina.startup.VersionLoggerListener.log Command line argument: --add-opens=java.rmi/sun.rmi.transport=ALL-UNNAMED
07-May-2024 10:38:15.726 INFO [main] org.apache.catalina.startup.VersionLoggerListener.log Command line argument: -Dcatalina.base=C:\Users\admin\Desktop\UST\23-24_Spring\COMP4321\project\COMP4321-Crawler\src\apache-tomcat-10.1.20
07-May-2024 10:38:15.726 INFO [main] org.apache.catalina.startup.VersionLoggerListener.log Command line argument: -Dcatalina.home=C:\Users\admin\Desktop\UST\23-24_Spring\COMP4321\project\COMP4321-Crawler\src\apache-tomcat-10.1.20
07-May-2024 10:38:15.726 INFO [main] org.apache.catalina.startup.VersionLoggerListener.log Command line argument: -Djava.io.tmpdir=C:\Users\admin\Desktop\UST\23-24_Spring\COMP4321\project\COMP4321-Crawler\src\apache-tomcat-10.1.20\temp
07-May-2024 10:38:15.732 INFO [main] org.apache.catalina.core.AprLifecycleListener.lifecycleEvent The Apache Tomcat Native library which allows using OpenSSL was not found on the java.library.path: [C:\Program Files\Java\jdk-22\bin;C:\WINDOWS\Sun\Java\bin;C:\WINDOWS\system32;C:\WINDOWS;C:\Program Files\Common Files\Oracle\Java\javapath;C:\Program Files\PlasticSCM5\server;C:\Program Files\PlasticSCM5\client;C:\Program Files\NVIDIA GPU Computing Toolkit\CUDA\v11.2\bin;C:\Program Files\NVIDIA GPU Computing Toolkit\CUDA\v11.2\libnvvp;C:\WINDOWS\system32;C:\WINDOWS;C:\WINDOWS\System32\Wbem;C:\WINDOWS\System32\WindowsPowerShell\v1.0\;C:\WINDOWS\System32\OpenSSH\;C:\Program Files (x86)\NVIDIA Corporation\PhysX\Common;C:\Program Files\PuTTY\;C:\Program Files\NVIDIA Corporation\Nsight Compute 2020.3.0\;C:\Program Files\NVIDIA GPU Computing Toolkit\protoc-22.4-win64\bin;C:\Program Files (x86)\Pulse Secure\VC142.CRT\X64\;C:\Program Files (x86)\Pulse Secure\VC142.CRT\X86\;C:\Program Files\NVIDIA Corporation\NVIDIA NvDLISR;C:\Program Files\dotnet\;C:\Program Files\nodejs\;C:\Users\admin\AppData\Local\Programs\Eclipse Adoptium\jdk-17.0.10.7-hotspot\bin;C:\Users\admin\AppData\Local\Microsoft\WindowsApps;C:\Users\admin\AppData\Local\GitHubDesktop\bin;C:\Program Files\NVIDIA GPU Computing Toolkit\CUDA\v11.2\bin;C:\Program Files\NVIDIA GPU Computing Toolkit\CUDA\v11.2\libnvvp;C:\Program Files\NVIDIA GPU Computing Toolkit\protoc-22.4-win64\bin;;C:\Users\admin\AppData\Local\Programs\Microsoft VS Code\bin;C:\Users\admin\.dotnet\tools;C:\Users\admin\AppData\Roaming\npm;.]
07-May-2024 10:38:15.891 INFO [main] org.apache.coyote.AbstractProtocol.init Initializing ProtocolHandler ["http-nio-8080"]
07-May-2024 10:38:15.904 INFO [main] org.apache.catalina.startup.Catalina.load Server initialization in [307] milliseconds
07-May-2024 10:38:15.954 INFO [main] org.apache.catalina.core.StandardService.startInternal Starting service [Catalina]
07-May-2024 10:38:15.954 INFO [main] org.apache.catalina.core.StandardEngine.startInternal Starting Servlet engine: [Apache Tomcat/10.1.20]
07-May-2024 10:38:15.961 INFO [main] org.apache.catalina.startup.HostConfig.deployDirectory Deploying web application directory [C:\Users\admin\Desktop\UST\23-24_Spring\COMP4321\project\COMP4321-Crawler\src\apache-tomcat-10.1.20\webapps\comp4321]
07-May-2024 10:38:16.192 INFO [main] org.apache.jasper.servlet.TldScanner.scanJars At least one JAR was scanned for TLDs yet contained no TLDs. Enable debug logging for this logger for a complete list of JARs that were scanned but no TLDs were found in them. Skipping unneeded JARs during scanning can improve startup time and JSP compilation time.
07-May-2024 10:38:16.222 INFO [main] org.apache.catalina.startup.HostConfig.deployDirectory Deployment of web application directory [C:\Users\admin\Desktop\UST\23-24_Spring\COMP4321\project\COMP4321-Crawler\src\apache-tomcat-10.1.20\webapps\comp4321] has finished in [261] ms
07-May-2024 10:38:16.222 INFO [main] org.apache.catalina.startup.HostConfig.deployDirectory Deploying web application directory [C:\Users\admin\Desktop\UST\23-24_Spring\COMP4321\project\COMP4321-Crawler\src\apache-tomcat-10.1.20\webapps\docs]
07-May-2024 10:38:16.242 INFO [main] org.apache.catalina.startup.HostConfig.deployDirectory Deployment of web application directory [C:\Users\admin\Desktop\UST\23-24_Spring\COMP4321\project\COMP4321-Crawler\src\apache-tomcat-10.1.20\webapps\docs] has finished in [20] ms
07-May-2024 10:38:16.242 INFO [main] org.apache.catalina.startup.HostConfig.deployDirectory Deploying web application directory [C:\Users\admin\Desktop\UST\23-24_Spring\COMP4321\project\COMP4321-Crawler\src\apache-tomcat-10.1.20\webapps\examples]
07-May-2024 10:38:16.529 INFO [main] org.apache.catalina.startup.HostConfig.deployDirectory Deployment of web application directory [C:\Users\admin\Desktop\UST\23-24_Spring\COMP4321\project\COMP4321-Crawler\src\apache-tomcat-10.1.20\webapps\examples] has finished in [287] ms
07-May-2024 10:38:16.529 INFO [main] org.apache.catalina.startup.HostConfig.deployDirectory Deploying web application directory [C:\Users\admin\Desktop\UST\23-24_Spring\COMP4321\project\COMP4321-Crawler\src\apache-tomcat-10.1.20\webapps\host-manager]
07-May-2024 10:38:16.555 INFO [main] org.apache.catalina.startup.HostConfig.deployDirectory Deployment of web application directory [C:\Users\admin\Desktop\UST\23-24_Spring\COMP4321\project\COMP4321-Crawler\src\apache-tomcat-10.1.20\webapps\host-manager] has finished in [26] ms
07-May-2024 10:38:16.555 INFO [main] org.apache.catalina.startup.HostConfig.deployDirectory Deploying web application directory [C:\Users\admin\Desktop\UST\23-24_Spring\COMP4321\project\COMP4321-Crawler\src\apache-tomcat-10.1.20\webapps\manager]
07-May-2024 10:38:16.578 INFO [main] org.apache.catalina.startup.HostConfig.deployDirectory Deployment of web application directory [C:\Users\admin\Desktop\UST\23-24_Spring\COMP4321\project\COMP4321-Crawler\src\apache-tomcat-10.1.20\webapps\manager] has finished in [22] ms
07-May-2024 10:38:16.578 INFO [main] org.apache.catalina.startup.HostConfig.deployDirectory Deploying web application directory [C:\Users\admin\Desktop\UST\23-24_Spring\COMP4321\project\COMP4321-Crawler\src\apache-tomcat-10.1.20\webapps\ROOT]
07-May-2024 10:38:16.599 INFO [main] org.apache.catalina.startup.HostConfig.deployDirectory Deployment of web application directory [C:\Users\admin\Desktop\UST\23-24_Spring\COMP4321\project\COMP4321-Crawler\src\apache-tomcat-10.1.20\webapps\ROOT] has finished in [21] ms
07-May-2024 10:38:16.603 INFO [main] org.apache.coyote.AbstractProtocol.start Starting ProtocolHandler ["http-nio-8080"]
07-May-2024 10:38:16.619 INFO [main] org.apache.catalina.startup.Catalina.start Server startup in [713] milliseconds
07-May-2024 10:39:19.024 INFO [Thread-1] org.apache.coyote.AbstractProtocol.pause Pausing ProtocolHandler ["http-nio-8080"]
07-May-2024 10:39:19.027 INFO [Thread-1] org.apache.catalina.core.StandardService.stopInternal Stopping service [Catalina]
07-May-2024 10:39:19.042 INFO [Thread-1] org.apache.coyote.AbstractProtocol.stop Stopping ProtocolHandler ["http-nio-8080"]
07-May-2024 10:39:19.062 INFO [Thread-1] org.apache.coyote.AbstractProtocol.destroy Destroying ProtocolHandler ["http-nio-8080"]
07-May-2024 10:41:47.391 INFO [main] org.apache.catalina.startup.VersionLoggerListener.log Server version name:   Apache Tomcat/10.1.20
07-May-2024 10:41:47.394 INFO [main] org.apache.catalina.startup.VersionLoggerListener.log Server built:          Mar 19 2024 12:49:58 UTC
07-May-2024 10:41:47.394 INFO [main] org.apache.catalina.startup.VersionLoggerListener.log Server version number: 10.1.20.0
07-May-2024 10:41:47.394 INFO [main] org.apache.catalina.startup.VersionLoggerListener.log OS Name:               Windows 11
07-May-2024 10:41:47.394 INFO [main] org.apache.catalina.startup.VersionLoggerListener.log OS Version:            10.0
07-May-2024 10:41:47.394 INFO [main] org.apache.catalina.startup.VersionLoggerListener.log Architecture:          amd64
07-May-2024 10:41:47.394 INFO [main] org.apache.catalina.startup.VersionLoggerListener.log Java Home:             C:\Program Files\Java\jdk-22
07-May-2024 10:41:47.394 INFO [main] org.apache.catalina.startup.VersionLoggerListener.log JVM Version:           22.0.1+8-16
07-May-2024 10:41:47.394 INFO [main] org.apache.catalina.startup.VersionLoggerListener.log JVM Vendor:            Oracle Corporation
07-May-2024 10:41:47.394 INFO [main] org.apache.catalina.startup.VersionLoggerListener.log CATALINA_BASE:         C:\Users\admin\Desktop\UST\23-24_Spring\COMP4321\project\COMP4321-Crawler\src\apache-tomcat-10.1.20
07-May-2024 10:41:47.394 INFO [main] org.apache.catalina.startup.VersionLoggerListener.log CATALINA_HOME:         C:\Users\admin\Desktop\UST\23-24_Spring\COMP4321\project\COMP4321-Crawler\src\apache-tomcat-10.1.20
07-May-2024 10:41:47.400 INFO [main] org.apache.catalina.startup.VersionLoggerListener.log Command line argument: -Djava.util.logging.config.file=C:\Users\admin\Desktop\UST\23-24_Spring\COMP4321\project\COMP4321-Crawler\src\apache-tomcat-10.1.20\conf\logging.properties
07-May-2024 10:41:47.400 INFO [main] org.apache.catalina.startup.VersionLoggerListener.log Command line argument: -Djava.util.logging.manager=org.apache.juli.ClassLoaderLogManager
07-May-2024 10:41:47.400 INFO [main] org.apache.catalina.startup.VersionLoggerListener.log Command line argument: -Djdk.tls.ephemeralDHKeySize=2048
07-May-2024 10:41:47.400 INFO [main] org.apache.catalina.startup.VersionLoggerListener.log Command line argument: -Djava.protocol.handler.pkgs=org.apache.catalina.webresources
07-May-2024 10:41:47.400 INFO [main] org.apache.catalina.startup.VersionLoggerListener.log Command line argument: --add-opens=java.base/java.lang=ALL-UNNAMED
07-May-2024 10:41:47.401 INFO [main] org.apache.catalina.startup.VersionLoggerListener.log Command line argument: --add-opens=java.base/java.io=ALL-UNNAMED
07-May-2024 10:41:47.401 INFO [main] org.apache.catalina.startup.VersionLoggerListener.log Command line argument: --add-opens=java.base/java.util=ALL-UNNAMED
07-May-2024 10:41:47.401 INFO [main] org.apache.catalina.startup.VersionLoggerListener.log Command line argument: --add-opens=java.base/java.util.concurrent=ALL-UNNAMED
07-May-2024 10:41:47.401 INFO [main] org.apache.catalina.startup.VersionLoggerListener.log Command line argument: --add-opens=java.rmi/sun.rmi.transport=ALL-UNNAMED
07-May-2024 10:41:47.401 INFO [main] org.apache.catalina.startup.VersionLoggerListener.log Command line argument: -Dcatalina.base=C:\Users\admin\Desktop\UST\23-24_Spring\COMP4321\project\COMP4321-Crawler\src\apache-tomcat-10.1.20
07-May-2024 10:41:47.401 INFO [main] org.apache.catalina.startup.VersionLoggerListener.log Command line argument: -Dcatalina.home=C:\Users\admin\Desktop\UST\23-24_Spring\COMP4321\project\COMP4321-Crawler\src\apache-tomcat-10.1.20
07-May-2024 10:41:47.401 INFO [main] org.apache.catalina.startup.VersionLoggerListener.log Command line argument: -Djava.io.tmpdir=C:\Users\admin\Desktop\UST\23-24_Spring\COMP4321\project\COMP4321-Crawler\src\apache-tomcat-10.1.20\temp
07-May-2024 10:41:47.407 INFO [main] org.apache.catalina.core.AprLifecycleListener.lifecycleEvent The Apache Tomcat Native library which allows using OpenSSL was not found on the java.library.path: [C:\Program Files\Java\jdk-22\bin;C:\WINDOWS\Sun\Java\bin;C:\WINDOWS\system32;C:\WINDOWS;C:\Program Files\Common Files\Oracle\Java\javapath;C:\Program Files\PlasticSCM5\server;C:\Program Files\PlasticSCM5\client;C:\Program Files\NVIDIA GPU Computing Toolkit\CUDA\v11.2\bin;C:\Program Files\NVIDIA GPU Computing Toolkit\CUDA\v11.2\libnvvp;C:\WINDOWS\system32;C:\WINDOWS;C:\WINDOWS\System32\Wbem;C:\WINDOWS\System32\WindowsPowerShell\v1.0\;C:\WINDOWS\System32\OpenSSH\;C:\Program Files (x86)\NVIDIA Corporation\PhysX\Common;C:\Program Files\PuTTY\;C:\Program Files\NVIDIA Corporation\Nsight Compute 2020.3.0\;C:\Program Files\NVIDIA GPU Computing Toolkit\protoc-22.4-win64\bin;C:\Program Files (x86)\Pulse Secure\VC142.CRT\X64\;C:\Program Files (x86)\Pulse Secure\VC142.CRT\X86\;C:\Program Files\NVIDIA Corporation\NVIDIA NvDLISR;C:\Program Files\dotnet\;C:\Program Files\nodejs\;C:\Users\admin\AppData\Local\Programs\Eclipse Adoptium\jdk-17.0.10.7-hotspot\bin;C:\Users\admin\AppData\Local\Microsoft\WindowsApps;C:\Users\admin\AppData\Local\GitHubDesktop\bin;C:\Program Files\NVIDIA GPU Computing Toolkit\CUDA\v11.2\bin;C:\Program Files\NVIDIA GPU Computing Toolkit\CUDA\v11.2\libnvvp;C:\Program Files\NVIDIA GPU Computing Toolkit\protoc-22.4-win64\bin;;C:\Users\admin\AppData\Local\Programs\Microsoft VS Code\bin;C:\Users\admin\.dotnet\tools;C:\Users\admin\AppData\Roaming\npm;.]
07-May-2024 10:41:47.551 INFO [main] org.apache.coyote.AbstractProtocol.init Initializing ProtocolHandler ["http-nio-8080"]
07-May-2024 10:41:47.566 INFO [main] org.apache.catalina.startup.Catalina.load Server initialization in [292] milliseconds
07-May-2024 10:41:47.608 INFO [main] org.apache.catalina.core.StandardService.startInternal Starting service [Catalina]
07-May-2024 10:41:47.608 INFO [main] org.apache.catalina.core.StandardEngine.startInternal Starting Servlet engine: [Apache Tomcat/10.1.20]
07-May-2024 10:41:47.614 INFO [main] org.apache.catalina.startup.HostConfig.deployDirectory Deploying web application directory [C:\Users\admin\Desktop\UST\23-24_Spring\COMP4321\project\COMP4321-Crawler\src\apache-tomcat-10.1.20\webapps\comp4321]
07-May-2024 10:41:47.842 INFO [main] org.apache.jasper.servlet.TldScanner.scanJars At least one JAR was scanned for TLDs yet contained no TLDs. Enable debug logging for this logger for a complete list of JARs that were scanned but no TLDs were found in them. Skipping unneeded JARs during scanning can improve startup time and JSP compilation time.
07-May-2024 10:41:47.871 INFO [main] org.apache.catalina.startup.HostConfig.deployDirectory Deployment of web application directory [C:\Users\admin\Desktop\UST\23-24_Spring\COMP4321\project\COMP4321-Crawler\src\apache-tomcat-10.1.20\webapps\comp4321] has finished in [257] ms
07-May-2024 10:41:47.872 INFO [main] org.apache.catalina.startup.HostConfig.deployDirectory Deploying web application directory [C:\Users\admin\Desktop\UST\23-24_Spring\COMP4321\project\COMP4321-Crawler\src\apache-tomcat-10.1.20\webapps\docs]
07-May-2024 10:41:47.892 INFO [main] org.apache.catalina.startup.HostConfig.deployDirectory Deployment of web application directory [C:\Users\admin\Desktop\UST\23-24_Spring\COMP4321\project\COMP4321-Crawler\src\apache-tomcat-10.1.20\webapps\docs] has finished in [20] ms
07-May-2024 10:41:47.892 INFO [main] org.apache.catalina.startup.HostConfig.deployDirectory Deploying web application directory [C:\Users\admin\Desktop\UST\23-24_Spring\COMP4321\project\COMP4321-Crawler\src\apache-tomcat-10.1.20\webapps\examples]
07-May-2024 10:41:48.160 INFO [main] org.apache.catalina.startup.HostConfig.deployDirectory Deployment of web application directory [C:\Users\admin\Desktop\UST\23-24_Spring\COMP4321\project\COMP4321-Crawler\src\apache-tomcat-10.1.20\webapps\examples] has finished in [268] ms
07-May-2024 10:41:48.160 INFO [main] org.apache.catalina.startup.HostConfig.deployDirectory Deploying web application directory [C:\Users\admin\Desktop\UST\23-24_Spring\COMP4321\project\COMP4321-Crawler\src\apache-tomcat-10.1.20\webapps\host-manager]
07-May-2024 10:41:48.186 INFO [main] org.apache.catalina.startup.HostConfig.deployDirectory Deployment of web application directory [C:\Users\admin\Desktop\UST\23-24_Spring\COMP4321\project\COMP4321-Crawler\src\apache-tomcat-10.1.20\webapps\host-manager] has finished in [26] ms
07-May-2024 10:41:48.186 INFO [main] org.apache.catalina.startup.HostConfig.deployDirectory Deploying web application directory [C:\Users\admin\Desktop\UST\23-24_Spring\COMP4321\project\COMP4321-Crawler\src\apache-tomcat-10.1.20\webapps\manager]
07-May-2024 10:41:48.209 INFO [main] org.apache.catalina.startup.HostConfig.deployDirectory Deployment of web application directory [C:\Users\admin\Desktop\UST\23-24_Spring\COMP4321\project\COMP4321-Crawler\src\apache-tomcat-10.1.20\webapps\manager] has finished in [23] ms
07-May-2024 10:41:48.209 INFO [main] org.apache.catalina.startup.HostConfig.deployDirectory Deploying web application directory [C:\Users\admin\Desktop\UST\23-24_Spring\COMP4321\project\COMP4321-Crawler\src\apache-tomcat-10.1.20\webapps\ROOT]
07-May-2024 10:41:48.226 INFO [main] org.apache.catalina.startup.HostConfig.deployDirectory Deployment of web application directory [C:\Users\admin\Desktop\UST\23-24_Spring\COMP4321\project\COMP4321-Crawler\src\apache-tomcat-10.1.20\webapps\ROOT] has finished in [17] ms
07-May-2024 10:41:48.229 INFO [main] org.apache.coyote.AbstractProtocol.start Starting ProtocolHandler ["http-nio-8080"]
07-May-2024 10:41:48.242 INFO [main] org.apache.catalina.startup.Catalina.start Server startup in [675] milliseconds
07-May-2024 13:00:33.101 INFO [Thread-1] org.apache.coyote.AbstractProtocol.pause Pausing ProtocolHandler ["http-nio-8080"]
07-May-2024 13:00:33.104 INFO [Thread-1] org.apache.catalina.core.StandardService.stopInternal Stopping service [Catalina]
07-May-2024 13:00:33.118 INFO [Thread-1] org.apache.coyote.AbstractProtocol.stop Stopping ProtocolHandler ["http-nio-8080"]
07-May-2024 13:00:33.135 INFO [Thread-1] org.apache.coyote.AbstractProtocol.destroy Destroying ProtocolHandler ["http-nio-8080"]
