22-Apr-2024 10:07:29.609 INFO [Thread-1] org.apache.coyote.AbstractProtocol.pause Pausing ProtocolHandler ["http-nio-8080"]
22-Apr-2024 10:07:29.674 INFO [Thread-1] org.apache.catalina.core.StandardService.stopInternal Stopping service [Catalina]
22-Apr-2024 10:07:29.779 INFO [Thread-1] org.apache.coyote.AbstractProtocol.stop Stopping ProtocolHandler ["http-nio-8080"]
22-Apr-2024 10:07:29.785 INFO [Thread-1] org.apache.coyote.AbstractProtocol.destroy Destroying ProtocolHandler ["http-nio-8080"]
22-Apr-2024 16:08:20.881 INFO [main] org.apache.catalina.startup.VersionLoggerListener.log Server version name:   Apache Tomcat/10.1.20
22-Apr-2024 16:08:20.889 INFO [main] org.apache.catalina.startup.VersionLoggerListener.log Server built:          Mar 19 2024 12:49:58 UTC
22-Apr-2024 16:08:20.890 INFO [main] org.apache.catalina.startup.VersionLoggerListener.log Server version number: 10.1.20.0
22-Apr-2024 16:08:20.890 INFO [main] org.apache.catalina.startup.VersionLoggerListener.log OS Name:               Windows 11
22-Apr-2024 16:08:20.891 INFO [main] org.apache.catalina.startup.VersionLoggerListener.log OS Version:            10.0
22-Apr-2024 16:08:20.891 INFO [main] org.apache.catalina.startup.VersionLoggerListener.log Architecture:          amd64
22-Apr-2024 16:08:20.893 INFO [main] org.apache.catalina.startup.VersionLoggerListener.log Java Home:             C:\Program Files\Eclipse Adoptium\jdk-21.0.2.13-hotspot
22-Apr-2024 16:08:20.893 INFO [main] org.apache.catalina.startup.VersionLoggerListener.log JVM Version:           21.0.2+13-LTS
22-Apr-2024 16:08:20.894 INFO [main] org.apache.catalina.startup.VersionLoggerListener.log JVM Vendor:            Eclipse Adoptium
22-Apr-2024 16:08:20.894 INFO [main] org.apache.catalina.startup.VersionLoggerListener.log CATALINA_BASE:         C:\Code\Java\COMP4321\COMP4321-Crawler\src\apache-tomcat-10.1.20
22-Apr-2024 16:08:20.894 INFO [main] org.apache.catalina.startup.VersionLoggerListener.log CATALINA_HOME:         C:\Code\Java\COMP4321\COMP4321-Crawler\src\apache-tomcat-10.1.20
22-Apr-2024 16:08:20.920 INFO [main] org.apache.catalina.startup.VersionLoggerListener.log Command line argument: -Djava.util.logging.config.file=C:\Code\Java\COMP4321\COMP4321-Crawler\src\apache-tomcat-10.1.20\conf\logging.properties
22-Apr-2024 16:08:20.922 INFO [main] org.apache.catalina.startup.VersionLoggerListener.log Command line argument: -Djava.util.logging.manager=org.apache.juli.ClassLoaderLogManager
22-Apr-2024 16:08:20.922 INFO [main] org.apache.catalina.startup.VersionLoggerListener.log Command line argument: -Djdk.tls.ephemeralDHKeySize=2048
22-Apr-2024 16:08:20.923 INFO [main] org.apache.catalina.startup.VersionLoggerListener.log Command line argument: -Djava.protocol.handler.pkgs=org.apache.catalina.webresources
22-Apr-2024 16:08:20.923 INFO [main] org.apache.catalina.startup.VersionLoggerListener.log Command line argument: --add-opens=java.base/java.lang=ALL-UNNAMED
22-Apr-2024 16:08:20.923 INFO [main] org.apache.catalina.startup.VersionLoggerListener.log Command line argument: --add-opens=java.base/java.io=ALL-UNNAMED
22-Apr-2024 16:08:20.923 INFO [main] org.apache.catalina.startup.VersionLoggerListener.log Command line argument: --add-opens=java.base/java.util=ALL-UNNAMED
22-Apr-2024 16:08:20.924 INFO [main] org.apache.catalina.startup.VersionLoggerListener.log Command line argument: --add-opens=java.base/java.util.concurrent=ALL-UNNAMED
22-Apr-2024 16:08:20.925 INFO [main] org.apache.catalina.startup.VersionLoggerListener.log Command line argument: --add-opens=java.rmi/sun.rmi.transport=ALL-UNNAMED
22-Apr-2024 16:08:20.925 INFO [main] org.apache.catalina.startup.VersionLoggerListener.log Command line argument: -Dcatalina.base=C:\Code\Java\COMP4321\COMP4321-Crawler\src\apache-tomcat-10.1.20
22-Apr-2024 16:08:20.925 INFO [main] org.apache.catalina.startup.VersionLoggerListener.log Command line argument: -Dcatalina.home=C:\Code\Java\COMP4321\COMP4321-Crawler\src\apache-tomcat-10.1.20
22-Apr-2024 16:08:20.926 INFO [main] org.apache.catalina.startup.VersionLoggerListener.log Command line argument: -Djava.io.tmpdir=C:\Code\Java\COMP4321\COMP4321-Crawler\src\apache-tomcat-10.1.20\temp
22-Apr-2024 16:08:20.933 INFO [main] org.apache.catalina.core.AprLifecycleListener.lifecycleEvent The Apache Tomcat Native library which allows using OpenSSL was not found on the java.library.path: [C:\Program Files\Eclipse Adoptium\jdk-21.0.2.13-hotspot\bin;C:\WINDOWS\Sun\Java\bin;C:\WINDOWS\system32;C:\WINDOWS;C:\Program Files\Eclipse Adoptium\jdk-21.0.2.13-hotspot\bin;C:\Program Files (x86)\Microsoft SDKs\Azure\CLI2\wbin;C:\gurobi1003\win64\bin;C:\WINDOWS\system32;C:\WINDOWS;C:\WINDOWS\System32\Wbem;C:\WINDOWS\System32\WindowsPowerShell\v1.0\;C:\WINDOWS\System32\OpenSSH\;C:\Program Files\Git\cmd;C:\Users\yueny\AppData\Roaming\nvm;C:\Program Files\nodejs;C:\Program Files\dotnet\;C:\Users\yueny\AppData\Local\Programs\Python\Python311\include\cpython\;C:\Program Files\Graphviz\bin;C:\Ruby32-x64\bin;C:\Users\yueny\AppData\Local\Programs\Python\Python311\Scripts\;C:\Users\yueny\AppData\Local\Programs\Python\Python311\;C:\Users\yueny\AppData\Local\Microsoft\WindowsApps;C:\Users\yueny\AppData\Local\Programs\Microsoft VS Code\bin;C:\Users\yueny\AppData\Local\GitHubDesktop\bin;C:\Users\yueny\AppData\Roaming\nvm;C:\Program Files\nodejs;C:\msys64\ucrt64\bin;.]
22-Apr-2024 16:08:21.455 INFO [main] org.apache.coyote.AbstractProtocol.init Initializing ProtocolHandler ["http-nio-8080"]
22-Apr-2024 16:08:21.479 INFO [main] org.apache.catalina.startup.Catalina.load Server initialization in [790] milliseconds
22-Apr-2024 16:08:21.534 INFO [main] org.apache.catalina.core.StandardService.startInternal Starting service [Catalina]
22-Apr-2024 16:08:21.534 INFO [main] org.apache.catalina.core.StandardEngine.startInternal Starting Servlet engine: [Apache Tomcat/10.1.20]
22-Apr-2024 16:08:21.544 INFO [main] org.apache.catalina.startup.HostConfig.deployDirectory Deploying web application directory [C:\Code\Java\COMP4321\COMP4321-Crawler\src\apache-tomcat-10.1.20\webapps\comp4321]
22-Apr-2024 16:08:22.212 INFO [main] org.apache.jasper.servlet.TldScanner.scanJars At least one JAR was scanned for TLDs yet contained no TLDs. Enable debug logging for this logger for a complete list of JARs that were scanned but no TLDs were found in them. Skipping unneeded JARs during scanning can improve startup time and JSP compilation time.
22-Apr-2024 16:08:22.290 INFO [main] org.apache.catalina.startup.HostConfig.deployDirectory Deployment of web application directory [C:\Code\Java\COMP4321\COMP4321-Crawler\src\apache-tomcat-10.1.20\webapps\comp4321] has finished in [746] ms
22-Apr-2024 16:08:22.291 INFO [main] org.apache.catalina.startup.HostConfig.deployDirectory Deploying web application directory [C:\Code\Java\COMP4321\COMP4321-Crawler\src\apache-tomcat-10.1.20\webapps\docs]
22-Apr-2024 16:08:22.348 INFO [main] org.apache.catalina.startup.HostConfig.deployDirectory Deployment of web application directory [C:\Code\Java\COMP4321\COMP4321-Crawler\src\apache-tomcat-10.1.20\webapps\docs] has finished in [56] ms
22-Apr-2024 16:08:22.348 INFO [main] org.apache.catalina.startup.HostConfig.deployDirectory Deploying web application directory [C:\Code\Java\COMP4321\COMP4321-Crawler\src\apache-tomcat-10.1.20\webapps\examples]
22-Apr-2024 16:08:23.241 INFO [main] org.apache.catalina.startup.HostConfig.deployDirectory Deployment of web application directory [C:\Code\Java\COMP4321\COMP4321-Crawler\src\apache-tomcat-10.1.20\webapps\examples] has finished in [893] ms
22-Apr-2024 16:08:23.242 INFO [main] org.apache.catalina.startup.HostConfig.deployDirectory Deploying web application directory [C:\Code\Java\COMP4321\COMP4321-Crawler\src\apache-tomcat-10.1.20\webapps\host-manager]
22-Apr-2024 16:08:23.298 INFO [main] org.apache.catalina.startup.HostConfig.deployDirectory Deployment of web application directory [C:\Code\Java\COMP4321\COMP4321-Crawler\src\apache-tomcat-10.1.20\webapps\host-manager] has finished in [56] ms
22-Apr-2024 16:08:23.298 INFO [main] org.apache.catalina.startup.HostConfig.deployDirectory Deploying web application directory [C:\Code\Java\COMP4321\COMP4321-Crawler\src\apache-tomcat-10.1.20\webapps\lab4]
22-Apr-2024 16:08:23.320 INFO [main] org.apache.catalina.startup.HostConfig.deployDirectory Deployment of web application directory [C:\Code\Java\COMP4321\COMP4321-Crawler\src\apache-tomcat-10.1.20\webapps\lab4] has finished in [21] ms
22-Apr-2024 16:08:23.320 INFO [main] org.apache.catalina.startup.HostConfig.deployDirectory Deploying web application directory [C:\Code\Java\COMP4321\COMP4321-Crawler\src\apache-tomcat-10.1.20\webapps\manager]
22-Apr-2024 16:08:23.359 INFO [main] org.apache.catalina.startup.HostConfig.deployDirectory Deployment of web application directory [C:\Code\Java\COMP4321\COMP4321-Crawler\src\apache-tomcat-10.1.20\webapps\manager] has finished in [39] ms
22-Apr-2024 16:08:23.360 INFO [main] org.apache.catalina.startup.HostConfig.deployDirectory Deploying web application directory [C:\Code\Java\COMP4321\COMP4321-Crawler\src\apache-tomcat-10.1.20\webapps\ROOT]
22-Apr-2024 16:08:23.388 INFO [main] org.apache.catalina.startup.HostConfig.deployDirectory Deployment of web application directory [C:\Code\Java\COMP4321\COMP4321-Crawler\src\apache-tomcat-10.1.20\webapps\ROOT] has finished in [26] ms
22-Apr-2024 16:08:23.403 INFO [main] org.apache.coyote.AbstractProtocol.start Starting ProtocolHandler ["http-nio-8080"]
22-Apr-2024 16:08:23.431 INFO [main] org.apache.catalina.startup.Catalina.start Server startup in [1950] milliseconds
22-Apr-2024 17:18:31.737 INFO [Thread-1] org.apache.coyote.AbstractProtocol.pause Pausing ProtocolHandler ["http-nio-8080"]
22-Apr-2024 17:18:31.747 INFO [Thread-1] org.apache.catalina.core.StandardService.stopInternal Stopping service [Catalina]
22-Apr-2024 17:18:31.819 INFO [Thread-1] org.apache.coyote.AbstractProtocol.stop Stopping ProtocolHandler ["http-nio-8080"]
22-Apr-2024 17:18:31.836 INFO [Thread-1] org.apache.coyote.AbstractProtocol.destroy Destroying ProtocolHandler ["http-nio-8080"]
22-Apr-2024 17:20:23.826 INFO [main] org.apache.catalina.startup.VersionLoggerListener.log Server version name:   Apache Tomcat/10.1.20
22-Apr-2024 17:20:23.834 INFO [main] org.apache.catalina.startup.VersionLoggerListener.log Server built:          Mar 19 2024 12:49:58 UTC
22-Apr-2024 17:20:23.835 INFO [main] org.apache.catalina.startup.VersionLoggerListener.log Server version number: 10.1.20.0
22-Apr-2024 17:20:23.837 INFO [main] org.apache.catalina.startup.VersionLoggerListener.log OS Name:               Windows 11
22-Apr-2024 17:20:23.838 INFO [main] org.apache.catalina.startup.VersionLoggerListener.log OS Version:            10.0
22-Apr-2024 17:20:23.838 INFO [main] org.apache.catalina.startup.VersionLoggerListener.log Architecture:          amd64
22-Apr-2024 17:20:23.838 INFO [main] org.apache.catalina.startup.VersionLoggerListener.log Java Home:             C:\Program Files\Eclipse Adoptium\jdk-21.0.2.13-hotspot
22-Apr-2024 17:20:23.839 INFO [main] org.apache.catalina.startup.VersionLoggerListener.log JVM Version:           21.0.2+13-LTS
22-Apr-2024 17:20:23.839 INFO [main] org.apache.catalina.startup.VersionLoggerListener.log JVM Vendor:            Eclipse Adoptium
22-Apr-2024 17:20:23.839 INFO [main] org.apache.catalina.startup.VersionLoggerListener.log CATALINA_BASE:         C:\Code\Java\COMP4321\COMP4321-Crawler\src\apache-tomcat-10.1.20
22-Apr-2024 17:20:23.839 INFO [main] org.apache.catalina.startup.VersionLoggerListener.log CATALINA_HOME:         C:\Code\Java\COMP4321\COMP4321-Crawler\src\apache-tomcat-10.1.20
22-Apr-2024 17:20:23.852 INFO [main] org.apache.catalina.startup.VersionLoggerListener.log Command line argument: -Djava.util.logging.config.file=C:\Code\Java\COMP4321\COMP4321-Crawler\src\apache-tomcat-10.1.20\conf\logging.properties
22-Apr-2024 17:20:23.852 INFO [main] org.apache.catalina.startup.VersionLoggerListener.log Command line argument: -Djava.util.logging.manager=org.apache.juli.ClassLoaderLogManager
22-Apr-2024 17:20:23.852 INFO [main] org.apache.catalina.startup.VersionLoggerListener.log Command line argument: -Djdk.tls.ephemeralDHKeySize=2048
22-Apr-2024 17:20:23.853 INFO [main] org.apache.catalina.startup.VersionLoggerListener.log Command line argument: -Djava.protocol.handler.pkgs=org.apache.catalina.webresources
22-Apr-2024 17:20:23.853 INFO [main] org.apache.catalina.startup.VersionLoggerListener.log Command line argument: --add-opens=java.base/java.lang=ALL-UNNAMED
22-Apr-2024 17:20:23.854 INFO [main] org.apache.catalina.startup.VersionLoggerListener.log Command line argument: --add-opens=java.base/java.io=ALL-UNNAMED
22-Apr-2024 17:20:23.854 INFO [main] org.apache.catalina.startup.VersionLoggerListener.log Command line argument: --add-opens=java.base/java.util=ALL-UNNAMED
22-Apr-2024 17:20:23.854 INFO [main] org.apache.catalina.startup.VersionLoggerListener.log Command line argument: --add-opens=java.base/java.util.concurrent=ALL-UNNAMED
22-Apr-2024 17:20:23.855 INFO [main] org.apache.catalina.startup.VersionLoggerListener.log Command line argument: --add-opens=java.rmi/sun.rmi.transport=ALL-UNNAMED
22-Apr-2024 17:20:23.855 INFO [main] org.apache.catalina.startup.VersionLoggerListener.log Command line argument: -Dcatalina.base=C:\Code\Java\COMP4321\COMP4321-Crawler\src\apache-tomcat-10.1.20
22-Apr-2024 17:20:23.855 INFO [main] org.apache.catalina.startup.VersionLoggerListener.log Command line argument: -Dcatalina.home=C:\Code\Java\COMP4321\COMP4321-Crawler\src\apache-tomcat-10.1.20
22-Apr-2024 17:20:23.856 INFO [main] org.apache.catalina.startup.VersionLoggerListener.log Command line argument: -Djava.io.tmpdir=C:\Code\Java\COMP4321\COMP4321-Crawler\src\apache-tomcat-10.1.20\temp
22-Apr-2024 17:20:23.863 INFO [main] org.apache.catalina.core.AprLifecycleListener.lifecycleEvent The Apache Tomcat Native library which allows using OpenSSL was not found on the java.library.path: [C:\Program Files\Eclipse Adoptium\jdk-21.0.2.13-hotspot\bin;C:\WINDOWS\Sun\Java\bin;C:\WINDOWS\system32;C:\WINDOWS;C:\Program Files\Eclipse Adoptium\jdk-21.0.2.13-hotspot\bin;C:\Program Files (x86)\Microsoft SDKs\Azure\CLI2\wbin;C:\gurobi1003\win64\bin;C:\WINDOWS\system32;C:\WINDOWS;C:\WINDOWS\System32\Wbem;C:\WINDOWS\System32\WindowsPowerShell\v1.0\;C:\WINDOWS\System32\OpenSSH\;C:\Program Files\Git\cmd;C:\Users\yueny\AppData\Roaming\nvm;C:\Program Files\nodejs;C:\Program Files\dotnet\;C:\Users\yueny\AppData\Local\Programs\Python\Python311\include\cpython\;C:\Program Files\Graphviz\bin;C:\Ruby32-x64\bin;C:\Users\yueny\AppData\Local\Programs\Python\Python311\Scripts\;C:\Users\yueny\AppData\Local\Programs\Python\Python311\;C:\Users\yueny\AppData\Local\Microsoft\WindowsApps;C:\Users\yueny\AppData\Local\Programs\Microsoft VS Code\bin;C:\Users\yueny\AppData\Local\GitHubDesktop\bin;C:\Users\yueny\AppData\Roaming\nvm;C:\Program Files\nodejs;C:\msys64\ucrt64\bin;.]
22-Apr-2024 17:20:24.302 INFO [main] org.apache.coyote.AbstractProtocol.init Initializing ProtocolHandler ["http-nio-8080"]
22-Apr-2024 17:20:24.324 INFO [main] org.apache.catalina.startup.Catalina.load Server initialization in [747] milliseconds
22-Apr-2024 17:20:24.371 INFO [main] org.apache.catalina.core.StandardService.startInternal Starting service [Catalina]
22-Apr-2024 17:20:24.372 INFO [main] org.apache.catalina.core.StandardEngine.startInternal Starting Servlet engine: [Apache Tomcat/10.1.20]
22-Apr-2024 17:20:24.382 INFO [main] org.apache.catalina.startup.HostConfig.deployDirectory Deploying web application directory [C:\Code\Java\COMP4321\COMP4321-Crawler\src\apache-tomcat-10.1.20\webapps\comp4321]
22-Apr-2024 17:20:24.847 INFO [main] org.apache.jasper.servlet.TldScanner.scanJars At least one JAR was scanned for TLDs yet contained no TLDs. Enable debug logging for this logger for a complete list of JARs that were scanned but no TLDs were found in them. Skipping unneeded JARs during scanning can improve startup time and JSP compilation time.
22-Apr-2024 17:20:24.912 INFO [main] org.apache.catalina.startup.HostConfig.deployDirectory Deployment of web application directory [C:\Code\Java\COMP4321\COMP4321-Crawler\src\apache-tomcat-10.1.20\webapps\comp4321] has finished in [527] ms
22-Apr-2024 17:20:24.913 INFO [main] org.apache.catalina.startup.HostConfig.deployDirectory Deploying web application directory [C:\Code\Java\COMP4321\COMP4321-Crawler\src\apache-tomcat-10.1.20\webapps\docs]
22-Apr-2024 17:20:24.971 INFO [main] org.apache.catalina.startup.HostConfig.deployDirectory Deployment of web application directory [C:\Code\Java\COMP4321\COMP4321-Crawler\src\apache-tomcat-10.1.20\webapps\docs] has finished in [58] ms
22-Apr-2024 17:20:24.972 INFO [main] org.apache.catalina.startup.HostConfig.deployDirectory Deploying web application directory [C:\Code\Java\COMP4321\COMP4321-Crawler\src\apache-tomcat-10.1.20\webapps\examples]
22-Apr-2024 17:20:25.565 INFO [main] org.apache.catalina.startup.HostConfig.deployDirectory Deployment of web application directory [C:\Code\Java\COMP4321\COMP4321-Crawler\src\apache-tomcat-10.1.20\webapps\examples] has finished in [592] ms
22-Apr-2024 17:20:25.565 INFO [main] org.apache.catalina.startup.HostConfig.deployDirectory Deploying web application directory [C:\Code\Java\COMP4321\COMP4321-Crawler\src\apache-tomcat-10.1.20\webapps\host-manager]
22-Apr-2024 17:20:25.598 INFO [main] org.apache.catalina.startup.HostConfig.deployDirectory Deployment of web application directory [C:\Code\Java\COMP4321\COMP4321-Crawler\src\apache-tomcat-10.1.20\webapps\host-manager] has finished in [33] ms
22-Apr-2024 17:20:25.598 INFO [main] org.apache.catalina.startup.HostConfig.deployDirectory Deploying web application directory [C:\Code\Java\COMP4321\COMP4321-Crawler\src\apache-tomcat-10.1.20\webapps\lab4]
22-Apr-2024 17:20:25.617 INFO [main] org.apache.catalina.startup.HostConfig.deployDirectory Deployment of web application directory [C:\Code\Java\COMP4321\COMP4321-Crawler\src\apache-tomcat-10.1.20\webapps\lab4] has finished in [19] ms
22-Apr-2024 17:20:25.618 INFO [main] org.apache.catalina.startup.HostConfig.deployDirectory Deploying web application directory [C:\Code\Java\COMP4321\COMP4321-Crawler\src\apache-tomcat-10.1.20\webapps\manager]
22-Apr-2024 17:20:25.650 INFO [main] org.apache.catalina.startup.HostConfig.deployDirectory Deployment of web application directory [C:\Code\Java\COMP4321\COMP4321-Crawler\src\apache-tomcat-10.1.20\webapps\manager] has finished in [32] ms
22-Apr-2024 17:20:25.650 INFO [main] org.apache.catalina.startup.HostConfig.deployDirectory Deploying web application directory [C:\Code\Java\COMP4321\COMP4321-Crawler\src\apache-tomcat-10.1.20\webapps\ROOT]
22-Apr-2024 17:20:25.672 INFO [main] org.apache.catalina.startup.HostConfig.deployDirectory Deployment of web application directory [C:\Code\Java\COMP4321\COMP4321-Crawler\src\apache-tomcat-10.1.20\webapps\ROOT] has finished in [22] ms
22-Apr-2024 17:20:25.681 INFO [main] org.apache.coyote.AbstractProtocol.start Starting ProtocolHandler ["http-nio-8080"]
22-Apr-2024 17:20:25.713 INFO [main] org.apache.catalina.startup.Catalina.start Server startup in [1387] milliseconds
22-Apr-2024 17:21:09.349 INFO [Thread-1] org.apache.coyote.AbstractProtocol.pause Pausing ProtocolHandler ["http-nio-8080"]
22-Apr-2024 17:21:09.357 INFO [Thread-1] org.apache.catalina.core.StandardService.stopInternal Stopping service [Catalina]
22-Apr-2024 17:21:09.422 INFO [Thread-1] org.apache.coyote.AbstractProtocol.stop Stopping ProtocolHandler ["http-nio-8080"]
22-Apr-2024 17:21:09.440 INFO [Thread-1] org.apache.coyote.AbstractProtocol.destroy Destroying ProtocolHandler ["http-nio-8080"]
22-Apr-2024 17:21:12.104 INFO [main] org.apache.catalina.startup.VersionLoggerListener.log Server version name:   Apache Tomcat/10.1.20
22-Apr-2024 17:21:12.110 INFO [main] org.apache.catalina.startup.VersionLoggerListener.log Server built:          Mar 19 2024 12:49:58 UTC
22-Apr-2024 17:21:12.110 INFO [main] org.apache.catalina.startup.VersionLoggerListener.log Server version number: 10.1.20.0
22-Apr-2024 17:21:12.110 INFO [main] org.apache.catalina.startup.VersionLoggerListener.log OS Name:               Windows 11
22-Apr-2024 17:21:12.111 INFO [main] org.apache.catalina.startup.VersionLoggerListener.log OS Version:            10.0
22-Apr-2024 17:21:12.111 INFO [main] org.apache.catalina.startup.VersionLoggerListener.log Architecture:          amd64
22-Apr-2024 17:21:12.113 INFO [main] org.apache.catalina.startup.VersionLoggerListener.log Java Home:             C:\Program Files\Eclipse Adoptium\jdk-21.0.2.13-hotspot
22-Apr-2024 17:21:12.116 INFO [main] org.apache.catalina.startup.VersionLoggerListener.log JVM Version:           21.0.2+13-LTS
22-Apr-2024 17:21:12.116 INFO [main] org.apache.catalina.startup.VersionLoggerListener.log JVM Vendor:            Eclipse Adoptium
22-Apr-2024 17:21:12.117 INFO [main] org.apache.catalina.startup.VersionLoggerListener.log CATALINA_BASE:         C:\Code\Java\COMP4321\COMP4321-Crawler\src\apache-tomcat-10.1.20
22-Apr-2024 17:21:12.117 INFO [main] org.apache.catalina.startup.VersionLoggerListener.log CATALINA_HOME:         C:\Code\Java\COMP4321\COMP4321-Crawler\src\apache-tomcat-10.1.20
22-Apr-2024 17:21:12.130 INFO [main] org.apache.catalina.startup.VersionLoggerListener.log Command line argument: -Djava.util.logging.config.file=C:\Code\Java\COMP4321\COMP4321-Crawler\src\apache-tomcat-10.1.20\conf\logging.properties
22-Apr-2024 17:21:12.130 INFO [main] org.apache.catalina.startup.VersionLoggerListener.log Command line argument: -Djava.util.logging.manager=org.apache.juli.ClassLoaderLogManager
22-Apr-2024 17:21:12.131 INFO [main] org.apache.catalina.startup.VersionLoggerListener.log Command line argument: -Djdk.tls.ephemeralDHKeySize=2048
22-Apr-2024 17:21:12.131 INFO [main] org.apache.catalina.startup.VersionLoggerListener.log Command line argument: -Djava.protocol.handler.pkgs=org.apache.catalina.webresources
22-Apr-2024 17:21:12.131 INFO [main] org.apache.catalina.startup.VersionLoggerListener.log Command line argument: --add-opens=java.base/java.lang=ALL-UNNAMED
22-Apr-2024 17:21:12.131 INFO [main] org.apache.catalina.startup.VersionLoggerListener.log Command line argument: --add-opens=java.base/java.io=ALL-UNNAMED
22-Apr-2024 17:21:12.131 INFO [main] org.apache.catalina.startup.VersionLoggerListener.log Command line argument: --add-opens=java.base/java.util=ALL-UNNAMED
22-Apr-2024 17:21:12.132 INFO [main] org.apache.catalina.startup.VersionLoggerListener.log Command line argument: --add-opens=java.base/java.util.concurrent=ALL-UNNAMED
22-Apr-2024 17:21:12.132 INFO [main] org.apache.catalina.startup.VersionLoggerListener.log Command line argument: --add-opens=java.rmi/sun.rmi.transport=ALL-UNNAMED
22-Apr-2024 17:21:12.132 INFO [main] org.apache.catalina.startup.VersionLoggerListener.log Command line argument: -Dcatalina.base=C:\Code\Java\COMP4321\COMP4321-Crawler\src\apache-tomcat-10.1.20
22-Apr-2024 17:21:12.133 INFO [main] org.apache.catalina.startup.VersionLoggerListener.log Command line argument: -Dcatalina.home=C:\Code\Java\COMP4321\COMP4321-Crawler\src\apache-tomcat-10.1.20
22-Apr-2024 17:21:12.133 INFO [main] org.apache.catalina.startup.VersionLoggerListener.log Command line argument: -Djava.io.tmpdir=C:\Code\Java\COMP4321\COMP4321-Crawler\src\apache-tomcat-10.1.20\temp
22-Apr-2024 17:21:12.141 INFO [main] org.apache.catalina.core.AprLifecycleListener.lifecycleEvent The Apache Tomcat Native library which allows using OpenSSL was not found on the java.library.path: [C:\Program Files\Eclipse Adoptium\jdk-21.0.2.13-hotspot\bin;C:\WINDOWS\Sun\Java\bin;C:\WINDOWS\system32;C:\WINDOWS;C:\Program Files\Eclipse Adoptium\jdk-21.0.2.13-hotspot\bin;C:\Program Files (x86)\Microsoft SDKs\Azure\CLI2\wbin;C:\gurobi1003\win64\bin;C:\WINDOWS\system32;C:\WINDOWS;C:\WINDOWS\System32\Wbem;C:\WINDOWS\System32\WindowsPowerShell\v1.0\;C:\WINDOWS\System32\OpenSSH\;C:\Program Files\Git\cmd;C:\Users\yueny\AppData\Roaming\nvm;C:\Program Files\nodejs;C:\Program Files\dotnet\;C:\Users\yueny\AppData\Local\Programs\Python\Python311\include\cpython\;C:\Program Files\Graphviz\bin;C:\Ruby32-x64\bin;C:\Users\yueny\AppData\Local\Programs\Python\Python311\Scripts\;C:\Users\yueny\AppData\Local\Programs\Python\Python311\;C:\Users\yueny\AppData\Local\Microsoft\WindowsApps;C:\Users\yueny\AppData\Local\Programs\Microsoft VS Code\bin;C:\Users\yueny\AppData\Local\GitHubDesktop\bin;C:\Users\yueny\AppData\Roaming\nvm;C:\Program Files\nodejs;C:\msys64\ucrt64\bin;.]
22-Apr-2024 17:21:12.535 INFO [main] org.apache.coyote.AbstractProtocol.init Initializing ProtocolHandler ["http-nio-8080"]
22-Apr-2024 17:21:12.559 INFO [main] org.apache.catalina.startup.Catalina.load Server initialization in [783] milliseconds
22-Apr-2024 17:21:12.599 INFO [main] org.apache.catalina.core.StandardService.startInternal Starting service [Catalina]
22-Apr-2024 17:21:12.599 INFO [main] org.apache.catalina.core.StandardEngine.startInternal Starting Servlet engine: [Apache Tomcat/10.1.20]
22-Apr-2024 17:21:12.608 INFO [main] org.apache.catalina.startup.HostConfig.deployDirectory Deploying web application directory [C:\Code\Java\COMP4321\COMP4321-Crawler\src\apache-tomcat-10.1.20\webapps\comp4321]
22-Apr-2024 17:21:12.965 INFO [main] org.apache.jasper.servlet.TldScanner.scanJars At least one JAR was scanned for TLDs yet contained no TLDs. Enable debug logging for this logger for a complete list of JARs that were scanned but no TLDs were found in them. Skipping unneeded JARs during scanning can improve startup time and JSP compilation time.
22-Apr-2024 17:21:13.012 INFO [main] org.apache.catalina.startup.HostConfig.deployDirectory Deployment of web application directory [C:\Code\Java\COMP4321\COMP4321-Crawler\src\apache-tomcat-10.1.20\webapps\comp4321] has finished in [403] ms
22-Apr-2024 17:21:13.012 INFO [main] org.apache.catalina.startup.HostConfig.deployDirectory Deploying web application directory [C:\Code\Java\COMP4321\COMP4321-Crawler\src\apache-tomcat-10.1.20\webapps\docs]
22-Apr-2024 17:21:13.046 INFO [main] org.apache.catalina.startup.HostConfig.deployDirectory Deployment of web application directory [C:\Code\Java\COMP4321\COMP4321-Crawler\src\apache-tomcat-10.1.20\webapps\docs] has finished in [34] ms
22-Apr-2024 17:21:13.046 INFO [main] org.apache.catalina.startup.HostConfig.deployDirectory Deploying web application directory [C:\Code\Java\COMP4321\COMP4321-Crawler\src\apache-tomcat-10.1.20\webapps\examples]
22-Apr-2024 17:21:13.636 INFO [main] org.apache.catalina.startup.HostConfig.deployDirectory Deployment of web application directory [C:\Code\Java\COMP4321\COMP4321-Crawler\src\apache-tomcat-10.1.20\webapps\examples] has finished in [590] ms
22-Apr-2024 17:21:13.636 INFO [main] org.apache.catalina.startup.HostConfig.deployDirectory Deploying web application directory [C:\Code\Java\COMP4321\COMP4321-Crawler\src\apache-tomcat-10.1.20\webapps\host-manager]
22-Apr-2024 17:21:13.679 INFO [main] org.apache.catalina.startup.HostConfig.deployDirectory Deployment of web application directory [C:\Code\Java\COMP4321\COMP4321-Crawler\src\apache-tomcat-10.1.20\webapps\host-manager] has finished in [43] ms
22-Apr-2024 17:21:13.680 INFO [main] org.apache.catalina.startup.HostConfig.deployDirectory Deploying web application directory [C:\Code\Java\COMP4321\COMP4321-Crawler\src\apache-tomcat-10.1.20\webapps\lab4]
22-Apr-2024 17:21:13.702 INFO [main] org.apache.catalina.startup.HostConfig.deployDirectory Deployment of web application directory [C:\Code\Java\COMP4321\COMP4321-Crawler\src\apache-tomcat-10.1.20\webapps\lab4] has finished in [22] ms
22-Apr-2024 17:21:13.702 INFO [main] org.apache.catalina.startup.HostConfig.deployDirectory Deploying web application directory [C:\Code\Java\COMP4321\COMP4321-Crawler\src\apache-tomcat-10.1.20\webapps\manager]
22-Apr-2024 17:21:13.744 INFO [main] org.apache.catalina.startup.HostConfig.deployDirectory Deployment of web application directory [C:\Code\Java\COMP4321\COMP4321-Crawler\src\apache-tomcat-10.1.20\webapps\manager] has finished in [40] ms
22-Apr-2024 17:21:13.745 INFO [main] org.apache.catalina.startup.HostConfig.deployDirectory Deploying web application directory [C:\Code\Java\COMP4321\COMP4321-Crawler\src\apache-tomcat-10.1.20\webapps\ROOT]
22-Apr-2024 17:21:13.769 INFO [main] org.apache.catalina.startup.HostConfig.deployDirectory Deployment of web application directory [C:\Code\Java\COMP4321\COMP4321-Crawler\src\apache-tomcat-10.1.20\webapps\ROOT] has finished in [25] ms
22-Apr-2024 17:21:13.774 INFO [main] org.apache.coyote.AbstractProtocol.start Starting ProtocolHandler ["http-nio-8080"]
22-Apr-2024 17:21:13.797 INFO [main] org.apache.catalina.startup.Catalina.start Server startup in [1237] milliseconds
22-Apr-2024 17:44:12.268 INFO [main] org.apache.catalina.startup.VersionLoggerListener.log Server version name:   Apache Tomcat/10.1.20
22-Apr-2024 17:44:12.271 INFO [main] org.apache.catalina.startup.VersionLoggerListener.log Server built:          Mar 19 2024 12:49:58 UTC
22-Apr-2024 17:44:12.271 INFO [main] org.apache.catalina.startup.VersionLoggerListener.log Server version number: 10.1.20.0
22-Apr-2024 17:44:12.271 INFO [main] org.apache.catalina.startup.VersionLoggerListener.log OS Name:               Windows 11
22-Apr-2024 17:44:12.271 INFO [main] org.apache.catalina.startup.VersionLoggerListener.log OS Version:            10.0
22-Apr-2024 17:44:12.271 INFO [main] org.apache.catalina.startup.VersionLoggerListener.log Architecture:          amd64
22-Apr-2024 17:44:12.272 INFO [main] org.apache.catalina.startup.VersionLoggerListener.log Java Home:             C:\Program Files\Eclipse Adoptium\jdk-21.0.2.13-hotspot
22-Apr-2024 17:44:12.272 INFO [main] org.apache.catalina.startup.VersionLoggerListener.log JVM Version:           21.0.2+13-LTS
22-Apr-2024 17:44:12.272 INFO [main] org.apache.catalina.startup.VersionLoggerListener.log JVM Vendor:            Eclipse Adoptium
22-Apr-2024 17:44:12.272 INFO [main] org.apache.catalina.startup.VersionLoggerListener.log CATALINA_BASE:         C:\Code\Java\COMP4321\COMP4321-Crawler\src\apache-tomcat-10.1.20
22-Apr-2024 17:44:12.272 INFO [main] org.apache.catalina.startup.VersionLoggerListener.log CATALINA_HOME:         C:\Code\Java\COMP4321\COMP4321-Crawler\src\apache-tomcat-10.1.20
22-Apr-2024 17:44:12.287 INFO [main] org.apache.catalina.startup.VersionLoggerListener.log Command line argument: -Djava.util.logging.config.file=C:\Code\Java\COMP4321\COMP4321-Crawler\src\apache-tomcat-10.1.20\conf\logging.properties
22-Apr-2024 17:44:12.288 INFO [main] org.apache.catalina.startup.VersionLoggerListener.log Command line argument: -Djava.util.logging.manager=org.apache.juli.ClassLoaderLogManager
22-Apr-2024 17:44:12.288 INFO [main] org.apache.catalina.startup.VersionLoggerListener.log Command line argument: -Djdk.tls.ephemeralDHKeySize=2048
22-Apr-2024 17:44:12.289 INFO [main] org.apache.catalina.startup.VersionLoggerListener.log Command line argument: -Djava.protocol.handler.pkgs=org.apache.catalina.webresources
22-Apr-2024 17:44:12.289 INFO [main] org.apache.catalina.startup.VersionLoggerListener.log Command line argument: --add-opens=java.base/java.lang=ALL-UNNAMED
22-Apr-2024 17:44:12.290 INFO [main] org.apache.catalina.startup.VersionLoggerListener.log Command line argument: --add-opens=java.base/java.io=ALL-UNNAMED
22-Apr-2024 17:44:12.290 INFO [main] org.apache.catalina.startup.VersionLoggerListener.log Command line argument: --add-opens=java.base/java.util=ALL-UNNAMED
22-Apr-2024 17:44:12.291 INFO [main] org.apache.catalina.startup.VersionLoggerListener.log Command line argument: --add-opens=java.base/java.util.concurrent=ALL-UNNAMED
22-Apr-2024 17:44:12.291 INFO [main] org.apache.catalina.startup.VersionLoggerListener.log Command line argument: --add-opens=java.rmi/sun.rmi.transport=ALL-UNNAMED
22-Apr-2024 17:44:12.291 INFO [main] org.apache.catalina.startup.VersionLoggerListener.log Command line argument: -Dcatalina.base=C:\Code\Java\COMP4321\COMP4321-Crawler\src\apache-tomcat-10.1.20
22-Apr-2024 17:44:12.291 INFO [main] org.apache.catalina.startup.VersionLoggerListener.log Command line argument: -Dcatalina.home=C:\Code\Java\COMP4321\COMP4321-Crawler\src\apache-tomcat-10.1.20
22-Apr-2024 17:44:12.292 INFO [main] org.apache.catalina.startup.VersionLoggerListener.log Command line argument: -Djava.io.tmpdir=C:\Code\Java\COMP4321\COMP4321-Crawler\src\apache-tomcat-10.1.20\temp
22-Apr-2024 17:44:12.298 INFO [main] org.apache.catalina.core.AprLifecycleListener.lifecycleEvent The Apache Tomcat Native library which allows using OpenSSL was not found on the java.library.path: [C:\Program Files\Eclipse Adoptium\jdk-21.0.2.13-hotspot\bin;C:\WINDOWS\Sun\Java\bin;C:\WINDOWS\system32;C:\WINDOWS;C:\Program Files\Eclipse Adoptium\jdk-21.0.2.13-hotspot\bin;C:\Program Files (x86)\Microsoft SDKs\Azure\CLI2\wbin;C:\gurobi1003\win64\bin;C:\WINDOWS\system32;C:\WINDOWS;C:\WINDOWS\System32\Wbem;C:\WINDOWS\System32\WindowsPowerShell\v1.0\;C:\WINDOWS\System32\OpenSSH\;C:\Program Files\Git\cmd;C:\Users\yueny\AppData\Roaming\nvm;C:\Program Files\nodejs;C:\Program Files\dotnet\;C:\Users\yueny\AppData\Local\Programs\Python\Python311\include\cpython\;C:\Program Files\Graphviz\bin;C:\Ruby32-x64\bin;C:\Users\yueny\AppData\Local\Programs\Python\Python311\Scripts\;C:\Users\yueny\AppData\Local\Programs\Python\Python311\;C:\Users\yueny\AppData\Local\Microsoft\WindowsApps;C:\Users\yueny\AppData\Local\Programs\Microsoft VS Code\bin;C:\Users\yueny\AppData\Local\GitHubDesktop\bin;C:\Users\yueny\AppData\Roaming\nvm;C:\Program Files\nodejs;C:\msys64\ucrt64\bin;.]
22-Apr-2024 17:44:12.656 INFO [main] org.apache.coyote.AbstractProtocol.init Initializing ProtocolHandler ["http-nio-8080"]
22-Apr-2024 17:44:12.672 SEVERE [main] org.apache.catalina.util.LifecycleBase.handleSubClassException Failed to initialize component [Connector["http-nio-8080"]]
	org.apache.catalina.LifecycleException: Protocol handler initialization failed
		at org.apache.catalina.connector.Connector.initInternal(Connector.java:1016)
		at org.apache.catalina.util.LifecycleBase.init(LifecycleBase.java:127)
		at org.apache.catalina.core.StandardService.initInternal(StandardService.java:554)
		at org.apache.catalina.util.LifecycleBase.init(LifecycleBase.java:127)
		at org.apache.catalina.core.StandardServer.initInternal(StandardServer.java:1017)
		at org.apache.catalina.util.LifecycleBase.init(LifecycleBase.java:127)
		at org.apache.catalina.startup.Catalina.load(Catalina.java:708)
		at org.apache.catalina.startup.Catalina.load(Catalina.java:731)
		at java.base/jdk.internal.reflect.DirectMethodHandleAccessor.invoke(DirectMethodHandleAccessor.java:103)
		at java.base/java.lang.reflect.Method.invoke(Method.java:580)
		at org.apache.catalina.startup.Bootstrap.load(Bootstrap.java:302)
		at org.apache.catalina.startup.Bootstrap.main(Bootstrap.java:472)
	Caused by: java.net.BindException: Address already in use: bind
		at java.base/sun.nio.ch.Net.bind0(Native Method)
		at java.base/sun.nio.ch.Net.bind(Net.java:565)
		at java.base/sun.nio.ch.ServerSocketChannelImpl.netBind(ServerSocketChannelImpl.java:344)
		at java.base/sun.nio.ch.ServerSocketChannelImpl.bind(ServerSocketChannelImpl.java:301)
		at org.apache.tomcat.util.net.NioEndpoint.initServerSocket(NioEndpoint.java:239)
		at org.apache.tomcat.util.net.NioEndpoint.bind(NioEndpoint.java:194)
		at org.apache.tomcat.util.net.AbstractEndpoint.bindWithCleanup(AbstractEndpoint.java:1307)
		at org.apache.tomcat.util.net.AbstractEndpoint.init(AbstractEndpoint.java:1320)
		at org.apache.coyote.AbstractProtocol.init(AbstractProtocol.java:624)
		at org.apache.coyote.http11.AbstractHttp11Protocol.init(AbstractHttp11Protocol.java:77)
		at org.apache.catalina.connector.Connector.initInternal(Connector.java:1014)
		... 11 more
22-Apr-2024 17:44:12.684 INFO [main] org.apache.catalina.startup.Catalina.load Server initialization in [620] milliseconds
22-Apr-2024 17:44:12.781 INFO [main] org.apache.catalina.core.StandardService.startInternal Starting service [Catalina]
22-Apr-2024 17:44:12.781 INFO [main] org.apache.catalina.core.StandardEngine.startInternal Starting Servlet engine: [Apache Tomcat/10.1.20]
22-Apr-2024 17:44:12.793 INFO [main] org.apache.catalina.startup.HostConfig.deployDirectory Deploying web application directory [C:\Code\Java\COMP4321\COMP4321-Crawler\src\apache-tomcat-10.1.20\webapps\comp4321]
22-Apr-2024 17:44:13.275 INFO [main] org.apache.jasper.servlet.TldScanner.scanJars At least one JAR was scanned for TLDs yet contained no TLDs. Enable debug logging for this logger for a complete list of JARs that were scanned but no TLDs were found in them. Skipping unneeded JARs during scanning can improve startup time and JSP compilation time.
22-Apr-2024 17:44:13.390 INFO [main] org.apache.catalina.startup.HostConfig.deployDirectory Deployment of web application directory [C:\Code\Java\COMP4321\COMP4321-Crawler\src\apache-tomcat-10.1.20\webapps\comp4321] has finished in [596] ms
22-Apr-2024 17:44:13.391 INFO [main] org.apache.catalina.startup.HostConfig.deployDirectory Deploying web application directory [C:\Code\Java\COMP4321\COMP4321-Crawler\src\apache-tomcat-10.1.20\webapps\docs]
22-Apr-2024 17:44:13.462 INFO [main] org.apache.catalina.startup.HostConfig.deployDirectory Deployment of web application directory [C:\Code\Java\COMP4321\COMP4321-Crawler\src\apache-tomcat-10.1.20\webapps\docs] has finished in [69] ms
22-Apr-2024 17:44:13.462 INFO [main] org.apache.catalina.startup.HostConfig.deployDirectory Deploying web application directory [C:\Code\Java\COMP4321\COMP4321-Crawler\src\apache-tomcat-10.1.20\webapps\examples]
22-Apr-2024 18:02:45.208 INFO [Thread-1] org.apache.coyote.AbstractProtocol.pause Pausing ProtocolHandler ["http-nio-8080"]
22-Apr-2024 18:02:45.223 INFO [Thread-1] org.apache.catalina.core.StandardService.stopInternal Stopping service [Catalina]
22-Apr-2024 18:02:45.320 INFO [Thread-1] org.apache.coyote.AbstractProtocol.stop Stopping ProtocolHandler ["http-nio-8080"]
22-Apr-2024 18:02:45.337 INFO [Thread-1] org.apache.coyote.AbstractProtocol.destroy Destroying ProtocolHandler ["http-nio-8080"]
22-Apr-2024 18:02:58.730 INFO [main] org.apache.catalina.startup.VersionLoggerListener.log Server version name:   Apache Tomcat/10.1.20
22-Apr-2024 18:02:58.739 INFO [main] org.apache.catalina.startup.VersionLoggerListener.log Server built:          Mar 19 2024 12:49:58 UTC
22-Apr-2024 18:02:58.739 INFO [main] org.apache.catalina.startup.VersionLoggerListener.log Server version number: 10.1.20.0
22-Apr-2024 18:02:58.740 INFO [main] org.apache.catalina.startup.VersionLoggerListener.log OS Name:               Windows 11
22-Apr-2024 18:02:58.740 INFO [main] org.apache.catalina.startup.VersionLoggerListener.log OS Version:            10.0
22-Apr-2024 18:02:58.740 INFO [main] org.apache.catalina.startup.VersionLoggerListener.log Architecture:          amd64
22-Apr-2024 18:02:58.740 INFO [main] org.apache.catalina.startup.VersionLoggerListener.log Java Home:             C:\Program Files\Eclipse Adoptium\jdk-21.0.2.13-hotspot
22-Apr-2024 18:02:58.741 INFO [main] org.apache.catalina.startup.VersionLoggerListener.log JVM Version:           21.0.2+13-LTS
22-Apr-2024 18:02:58.741 INFO [main] org.apache.catalina.startup.VersionLoggerListener.log JVM Vendor:            Eclipse Adoptium
22-Apr-2024 18:02:58.741 INFO [main] org.apache.catalina.startup.VersionLoggerListener.log CATALINA_BASE:         C:\Code\Java\COMP4321\COMP4321-Crawler\src\apache-tomcat-10.1.20
22-Apr-2024 18:02:58.741 INFO [main] org.apache.catalina.startup.VersionLoggerListener.log CATALINA_HOME:         C:\Code\Java\COMP4321\COMP4321-Crawler\src\apache-tomcat-10.1.20
22-Apr-2024 18:02:58.757 INFO [main] org.apache.catalina.startup.VersionLoggerListener.log Command line argument: -Djava.util.logging.config.file=C:\Code\Java\COMP4321\COMP4321-Crawler\src\apache-tomcat-10.1.20\conf\logging.properties
22-Apr-2024 18:02:58.758 INFO [main] org.apache.catalina.startup.VersionLoggerListener.log Command line argument: -Djava.util.logging.manager=org.apache.juli.ClassLoaderLogManager
22-Apr-2024 18:02:58.758 INFO [main] org.apache.catalina.startup.VersionLoggerListener.log Command line argument: -Djdk.tls.ephemeralDHKeySize=2048
22-Apr-2024 18:02:58.758 INFO [main] org.apache.catalina.startup.VersionLoggerListener.log Command line argument: -Djava.protocol.handler.pkgs=org.apache.catalina.webresources
22-Apr-2024 18:02:58.759 INFO [main] org.apache.catalina.startup.VersionLoggerListener.log Command line argument: --add-opens=java.base/java.lang=ALL-UNNAMED
22-Apr-2024 18:02:58.759 INFO [main] org.apache.catalina.startup.VersionLoggerListener.log Command line argument: --add-opens=java.base/java.io=ALL-UNNAMED
22-Apr-2024 18:02:58.759 INFO [main] org.apache.catalina.startup.VersionLoggerListener.log Command line argument: --add-opens=java.base/java.util=ALL-UNNAMED
22-Apr-2024 18:02:58.760 INFO [main] org.apache.catalina.startup.VersionLoggerListener.log Command line argument: --add-opens=java.base/java.util.concurrent=ALL-UNNAMED
22-Apr-2024 18:02:58.760 INFO [main] org.apache.catalina.startup.VersionLoggerListener.log Command line argument: --add-opens=java.rmi/sun.rmi.transport=ALL-UNNAMED
22-Apr-2024 18:02:58.760 INFO [main] org.apache.catalina.startup.VersionLoggerListener.log Command line argument: -Dcatalina.base=C:\Code\Java\COMP4321\COMP4321-Crawler\src\apache-tomcat-10.1.20
22-Apr-2024 18:02:58.760 INFO [main] org.apache.catalina.startup.VersionLoggerListener.log Command line argument: -Dcatalina.home=C:\Code\Java\COMP4321\COMP4321-Crawler\src\apache-tomcat-10.1.20
22-Apr-2024 18:02:58.761 INFO [main] org.apache.catalina.startup.VersionLoggerListener.log Command line argument: -Djava.io.tmpdir=C:\Code\Java\COMP4321\COMP4321-Crawler\src\apache-tomcat-10.1.20\temp
22-Apr-2024 18:02:58.769 INFO [main] org.apache.catalina.core.AprLifecycleListener.lifecycleEvent The Apache Tomcat Native library which allows using OpenSSL was not found on the java.library.path: [C:\Program Files\Eclipse Adoptium\jdk-21.0.2.13-hotspot\bin;C:\WINDOWS\Sun\Java\bin;C:\WINDOWS\system32;C:\WINDOWS;C:\Program Files\Eclipse Adoptium\jdk-21.0.2.13-hotspot\bin;C:\Program Files (x86)\Microsoft SDKs\Azure\CLI2\wbin;C:\gurobi1003\win64\bin;C:\WINDOWS\system32;C:\WINDOWS;C:\WINDOWS\System32\Wbem;C:\WINDOWS\System32\WindowsPowerShell\v1.0\;C:\WINDOWS\System32\OpenSSH\;C:\Program Files\Git\cmd;C:\Users\yueny\AppData\Roaming\nvm;C:\Program Files\nodejs;C:\Program Files\dotnet\;C:\Users\yueny\AppData\Local\Programs\Python\Python311\include\cpython\;C:\Program Files\Graphviz\bin;C:\Ruby32-x64\bin;C:\Users\yueny\AppData\Local\Programs\Python\Python311\Scripts\;C:\Users\yueny\AppData\Local\Programs\Python\Python311\;C:\Users\yueny\AppData\Local\Microsoft\WindowsApps;C:\Users\yueny\AppData\Local\Programs\Microsoft VS Code\bin;C:\Users\yueny\AppData\Local\GitHubDesktop\bin;C:\Users\yueny\AppData\Roaming\nvm;C:\Program Files\nodejs;C:\msys64\ucrt64\bin;.]
22-Apr-2024 18:02:59.307 INFO [main] org.apache.coyote.AbstractProtocol.init Initializing ProtocolHandler ["http-nio-8080"]
22-Apr-2024 18:02:59.345 INFO [main] org.apache.catalina.startup.Catalina.load Server initialization in [973] milliseconds
22-Apr-2024 18:02:59.427 INFO [main] org.apache.catalina.core.StandardService.startInternal Starting service [Catalina]
22-Apr-2024 18:02:59.428 INFO [main] org.apache.catalina.core.StandardEngine.startInternal Starting Servlet engine: [Apache Tomcat/10.1.20]
22-Apr-2024 18:02:59.443 INFO [main] org.apache.catalina.startup.HostConfig.deployDirectory Deploying web application directory [C:\Code\Java\COMP4321\COMP4321-Crawler\src\apache-tomcat-10.1.20\webapps\comp4321]
22-Apr-2024 18:03:00.005 INFO [main] org.apache.jasper.servlet.TldScanner.scanJars At least one JAR was scanned for TLDs yet contained no TLDs. Enable debug logging for this logger for a complete list of JARs that were scanned but no TLDs were found in them. Skipping unneeded JARs during scanning can improve startup time and JSP compilation time.
22-Apr-2024 18:03:00.093 INFO [main] org.apache.catalina.startup.HostConfig.deployDirectory Deployment of web application directory [C:\Code\Java\COMP4321\COMP4321-Crawler\src\apache-tomcat-10.1.20\webapps\comp4321] has finished in [650] ms
22-Apr-2024 18:03:00.094 INFO [main] org.apache.catalina.startup.HostConfig.deployDirectory Deploying web application directory [C:\Code\Java\COMP4321\COMP4321-Crawler\src\apache-tomcat-10.1.20\webapps\docs]
22-Apr-2024 18:03:00.146 INFO [main] org.apache.catalina.startup.HostConfig.deployDirectory Deployment of web application directory [C:\Code\Java\COMP4321\COMP4321-Crawler\src\apache-tomcat-10.1.20\webapps\docs] has finished in [52] ms
22-Apr-2024 18:03:00.146 INFO [main] org.apache.catalina.startup.HostConfig.deployDirectory Deploying web application directory [C:\Code\Java\COMP4321\COMP4321-Crawler\src\apache-tomcat-10.1.20\webapps\examples]
22-Apr-2024 18:03:00.734 INFO [main] org.apache.catalina.startup.HostConfig.deployDirectory Deployment of web application directory [C:\Code\Java\COMP4321\COMP4321-Crawler\src\apache-tomcat-10.1.20\webapps\examples] has finished in [588] ms
22-Apr-2024 18:03:00.735 INFO [main] org.apache.catalina.startup.HostConfig.deployDirectory Deploying web application directory [C:\Code\Java\COMP4321\COMP4321-Crawler\src\apache-tomcat-10.1.20\webapps\host-manager]
22-Apr-2024 18:03:00.808 INFO [main] org.apache.catalina.startup.HostConfig.deployDirectory Deployment of web application directory [C:\Code\Java\COMP4321\COMP4321-Crawler\src\apache-tomcat-10.1.20\webapps\host-manager] has finished in [73] ms
22-Apr-2024 18:03:00.809 INFO [main] org.apache.catalina.startup.HostConfig.deployDirectory Deploying web application directory [C:\Code\Java\COMP4321\COMP4321-Crawler\src\apache-tomcat-10.1.20\webapps\lab4]
22-Apr-2024 18:03:00.841 INFO [main] org.apache.catalina.startup.HostConfig.deployDirectory Deployment of web application directory [C:\Code\Java\COMP4321\COMP4321-Crawler\src\apache-tomcat-10.1.20\webapps\lab4] has finished in [32] ms
22-Apr-2024 18:03:00.842 INFO [main] org.apache.catalina.startup.HostConfig.deployDirectory Deploying web application directory [C:\Code\Java\COMP4321\COMP4321-Crawler\src\apache-tomcat-10.1.20\webapps\manager]
22-Apr-2024 18:03:00.893 INFO [main] org.apache.catalina.startup.HostConfig.deployDirectory Deployment of web application directory [C:\Code\Java\COMP4321\COMP4321-Crawler\src\apache-tomcat-10.1.20\webapps\manager] has finished in [51] ms
22-Apr-2024 18:03:00.894 INFO [main] org.apache.catalina.startup.HostConfig.deployDirectory Deploying web application directory [C:\Code\Java\COMP4321\COMP4321-Crawler\src\apache-tomcat-10.1.20\webapps\ROOT]
22-Apr-2024 18:03:00.934 INFO [main] org.apache.catalina.startup.HostConfig.deployDirectory Deployment of web application directory [C:\Code\Java\COMP4321\COMP4321-Crawler\src\apache-tomcat-10.1.20\webapps\ROOT] has finished in [41] ms
22-Apr-2024 18:03:00.942 INFO [main] org.apache.coyote.AbstractProtocol.start Starting ProtocolHandler ["http-nio-8080"]
22-Apr-2024 18:03:00.985 INFO [main] org.apache.catalina.startup.Catalina.start Server startup in [1637] milliseconds
22-Apr-2024 22:51:19.292 INFO [Thread-1] org.apache.coyote.AbstractProtocol.pause Pausing ProtocolHandler ["http-nio-8080"]
22-Apr-2024 22:51:19.317 INFO [Thread-1] org.apache.catalina.core.StandardService.stopInternal Stopping service [Catalina]
22-Apr-2024 22:51:19.423 INFO [Thread-1] org.apache.coyote.AbstractProtocol.stop Stopping ProtocolHandler ["http-nio-8080"]
22-Apr-2024 22:51:19.443 INFO [Thread-1] org.apache.coyote.AbstractProtocol.destroy Destroying ProtocolHandler ["http-nio-8080"]
22-Apr-2024 22:51:59.053 INFO [main] org.apache.catalina.startup.VersionLoggerListener.log Server version name:   Apache Tomcat/10.1.20
22-Apr-2024 22:51:59.065 INFO [main] org.apache.catalina.startup.VersionLoggerListener.log Server built:          Mar 19 2024 12:49:58 UTC
22-Apr-2024 22:51:59.069 INFO [main] org.apache.catalina.startup.VersionLoggerListener.log Server version number: 10.1.20.0
22-Apr-2024 22:51:59.069 INFO [main] org.apache.catalina.startup.VersionLoggerListener.log OS Name:               Windows 11
22-Apr-2024 22:51:59.069 INFO [main] org.apache.catalina.startup.VersionLoggerListener.log OS Version:            10.0
22-Apr-2024 22:51:59.070 INFO [main] org.apache.catalina.startup.VersionLoggerListener.log Architecture:          amd64
22-Apr-2024 22:51:59.070 INFO [main] org.apache.catalina.startup.VersionLoggerListener.log Java Home:             C:\Program Files\Eclipse Adoptium\jdk-21.0.2.13-hotspot
22-Apr-2024 22:51:59.070 INFO [main] org.apache.catalina.startup.VersionLoggerListener.log JVM Version:           21.0.2+13-LTS
22-Apr-2024 22:51:59.070 INFO [main] org.apache.catalina.startup.VersionLoggerListener.log JVM Vendor:            Eclipse Adoptium
22-Apr-2024 22:51:59.070 INFO [main] org.apache.catalina.startup.VersionLoggerListener.log CATALINA_BASE:         C:\Code\Java\COMP4321\COMP4321-Crawler\src\apache-tomcat-10.1.20
22-Apr-2024 22:51:59.071 INFO [main] org.apache.catalina.startup.VersionLoggerListener.log CATALINA_HOME:         C:\Code\Java\COMP4321\COMP4321-Crawler\src\apache-tomcat-10.1.20
22-Apr-2024 22:51:59.091 INFO [main] org.apache.catalina.startup.VersionLoggerListener.log Command line argument: -Djava.util.logging.config.file=C:\Code\Java\COMP4321\COMP4321-Crawler\src\apache-tomcat-10.1.20\conf\logging.properties
22-Apr-2024 22:51:59.092 INFO [main] org.apache.catalina.startup.VersionLoggerListener.log Command line argument: -Djava.util.logging.manager=org.apache.juli.ClassLoaderLogManager
22-Apr-2024 22:51:59.092 INFO [main] org.apache.catalina.startup.VersionLoggerListener.log Command line argument: -Djdk.tls.ephemeralDHKeySize=2048
22-Apr-2024 22:51:59.092 INFO [main] org.apache.catalina.startup.VersionLoggerListener.log Command line argument: -Djava.protocol.handler.pkgs=org.apache.catalina.webresources
22-Apr-2024 22:51:59.093 INFO [main] org.apache.catalina.startup.VersionLoggerListener.log Command line argument: --add-opens=java.base/java.lang=ALL-UNNAMED
22-Apr-2024 22:51:59.093 INFO [main] org.apache.catalina.startup.VersionLoggerListener.log Command line argument: --add-opens=java.base/java.io=ALL-UNNAMED
22-Apr-2024 22:51:59.093 INFO [main] org.apache.catalina.startup.VersionLoggerListener.log Command line argument: --add-opens=java.base/java.util=ALL-UNNAMED
22-Apr-2024 22:51:59.093 INFO [main] org.apache.catalina.startup.VersionLoggerListener.log Command line argument: --add-opens=java.base/java.util.concurrent=ALL-UNNAMED
22-Apr-2024 22:51:59.094 INFO [main] org.apache.catalina.startup.VersionLoggerListener.log Command line argument: --add-opens=java.rmi/sun.rmi.transport=ALL-UNNAMED
22-Apr-2024 22:51:59.094 INFO [main] org.apache.catalina.startup.VersionLoggerListener.log Command line argument: -Dcatalina.base=C:\Code\Java\COMP4321\COMP4321-Crawler\src\apache-tomcat-10.1.20
22-Apr-2024 22:51:59.094 INFO [main] org.apache.catalina.startup.VersionLoggerListener.log Command line argument: -Dcatalina.home=C:\Code\Java\COMP4321\COMP4321-Crawler\src\apache-tomcat-10.1.20
22-Apr-2024 22:51:59.094 INFO [main] org.apache.catalina.startup.VersionLoggerListener.log Command line argument: -Djava.io.tmpdir=C:\Code\Java\COMP4321\COMP4321-Crawler\src\apache-tomcat-10.1.20\temp
22-Apr-2024 22:51:59.105 INFO [main] org.apache.catalina.core.AprLifecycleListener.lifecycleEvent The Apache Tomcat Native library which allows using OpenSSL was not found on the java.library.path: [C:\Program Files\Eclipse Adoptium\jdk-21.0.2.13-hotspot\bin;C:\WINDOWS\Sun\Java\bin;C:\WINDOWS\system32;C:\WINDOWS;C:\Program Files\Eclipse Adoptium\jdk-21.0.2.13-hotspot\bin;C:\Program Files (x86)\Microsoft SDKs\Azure\CLI2\wbin;C:\gurobi1003\win64\bin;C:\WINDOWS\system32;C:\WINDOWS;C:\WINDOWS\System32\Wbem;C:\WINDOWS\System32\WindowsPowerShell\v1.0\;C:\WINDOWS\System32\OpenSSH\;C:\Program Files\Git\cmd;C:\Users\yueny\AppData\Roaming\nvm;C:\Program Files\nodejs;C:\Program Files\dotnet\;C:\Users\yueny\AppData\Local\Programs\Python\Python311\include\cpython\;C:\Program Files\Graphviz\bin;C:\Ruby32-x64\bin;C:\Users\yueny\AppData\Local\Programs\Python\Python311\Scripts\;C:\Users\yueny\AppData\Local\Programs\Python\Python311\;C:\Users\yueny\AppData\Local\Microsoft\WindowsApps;C:\Users\yueny\AppData\Local\Programs\Microsoft VS Code\bin;C:\Users\yueny\AppData\Local\GitHubDesktop\bin;C:\Users\yueny\AppData\Roaming\nvm;C:\Program Files\nodejs;C:\msys64\ucrt64\bin;.]
22-Apr-2024 22:51:59.835 INFO [main] org.apache.coyote.AbstractProtocol.init Initializing ProtocolHandler ["http-nio-8080"]
22-Apr-2024 22:51:59.886 INFO [main] org.apache.catalina.startup.Catalina.load Server initialization in [1140] milliseconds
22-Apr-2024 22:51:59.960 INFO [main] org.apache.catalina.core.StandardService.startInternal Starting service [Catalina]
22-Apr-2024 22:51:59.961 INFO [main] org.apache.catalina.core.StandardEngine.startInternal Starting Servlet engine: [Apache Tomcat/10.1.20]
22-Apr-2024 22:51:59.979 INFO [main] org.apache.catalina.startup.HostConfig.deployDirectory Deploying web application directory [C:\Code\Java\COMP4321\COMP4321-Crawler\src\apache-tomcat-10.1.20\webapps\comp4321]
22-Apr-2024 22:52:00.808 INFO [main] org.apache.jasper.servlet.TldScanner.scanJars At least one JAR was scanned for TLDs yet contained no TLDs. Enable debug logging for this logger for a complete list of JARs that were scanned but no TLDs were found in them. Skipping unneeded JARs during scanning can improve startup time and JSP compilation time.
22-Apr-2024 22:52:00.885 INFO [main] org.apache.catalina.startup.HostConfig.deployDirectory Deployment of web application directory [C:\Code\Java\COMP4321\COMP4321-Crawler\src\apache-tomcat-10.1.20\webapps\comp4321] has finished in [905] ms
22-Apr-2024 22:52:00.886 INFO [main] org.apache.catalina.startup.HostConfig.deployDirectory Deploying web application directory [C:\Code\Java\COMP4321\COMP4321-Crawler\src\apache-tomcat-10.1.20\webapps\docs]
22-Apr-2024 22:52:00.946 INFO [main] org.apache.catalina.startup.HostConfig.deployDirectory Deployment of web application directory [C:\Code\Java\COMP4321\COMP4321-Crawler\src\apache-tomcat-10.1.20\webapps\docs] has finished in [60] ms
22-Apr-2024 22:52:00.946 INFO [main] org.apache.catalina.startup.HostConfig.deployDirectory Deploying web application directory [C:\Code\Java\COMP4321\COMP4321-Crawler\src\apache-tomcat-10.1.20\webapps\examples]
22-Apr-2024 22:52:01.699 INFO [main] org.apache.catalina.startup.HostConfig.deployDirectory Deployment of web application directory [C:\Code\Java\COMP4321\COMP4321-Crawler\src\apache-tomcat-10.1.20\webapps\examples] has finished in [753] ms
22-Apr-2024 22:52:01.700 INFO [main] org.apache.catalina.startup.HostConfig.deployDirectory Deploying web application directory [C:\Code\Java\COMP4321\COMP4321-Crawler\src\apache-tomcat-10.1.20\webapps\host-manager]
22-Apr-2024 22:52:01.761 INFO [main] org.apache.catalina.startup.HostConfig.deployDirectory Deployment of web application directory [C:\Code\Java\COMP4321\COMP4321-Crawler\src\apache-tomcat-10.1.20\webapps\host-manager] has finished in [59] ms
22-Apr-2024 22:52:01.761 INFO [main] org.apache.catalina.startup.HostConfig.deployDirectory Deploying web application directory [C:\Code\Java\COMP4321\COMP4321-Crawler\src\apache-tomcat-10.1.20\webapps\lab4]
22-Apr-2024 22:52:01.799 INFO [main] org.apache.catalina.startup.HostConfig.deployDirectory Deployment of web application directory [C:\Code\Java\COMP4321\COMP4321-Crawler\src\apache-tomcat-10.1.20\webapps\lab4] has finished in [37] ms
22-Apr-2024 22:52:01.799 INFO [main] org.apache.catalina.startup.HostConfig.deployDirectory Deploying web application directory [C:\Code\Java\COMP4321\COMP4321-Crawler\src\apache-tomcat-10.1.20\webapps\manager]
22-Apr-2024 22:52:01.839 INFO [main] org.apache.catalina.startup.HostConfig.deployDirectory Deployment of web application directory [C:\Code\Java\COMP4321\COMP4321-Crawler\src\apache-tomcat-10.1.20\webapps\manager] has finished in [39] ms
22-Apr-2024 22:52:01.840 INFO [main] org.apache.catalina.startup.HostConfig.deployDirectory Deploying web application directory [C:\Code\Java\COMP4321\COMP4321-Crawler\src\apache-tomcat-10.1.20\webapps\ROOT]
22-Apr-2024 22:52:01.870 INFO [main] org.apache.catalina.startup.HostConfig.deployDirectory Deployment of web application directory [C:\Code\Java\COMP4321\COMP4321-Crawler\src\apache-tomcat-10.1.20\webapps\ROOT] has finished in [31] ms
22-Apr-2024 22:52:01.876 INFO [main] org.apache.coyote.AbstractProtocol.start Starting ProtocolHandler ["http-nio-8080"]
22-Apr-2024 22:52:01.912 INFO [main] org.apache.catalina.startup.Catalina.start Server startup in [2023] milliseconds
22-Apr-2024 22:55:02.420 INFO [Thread-1] org.apache.coyote.AbstractProtocol.pause Pausing ProtocolHandler ["http-nio-8080"]
22-Apr-2024 22:55:02.430 INFO [Thread-1] org.apache.catalina.core.StandardService.stopInternal Stopping service [Catalina]
22-Apr-2024 22:55:02.507 INFO [Thread-1] org.apache.coyote.AbstractProtocol.stop Stopping ProtocolHandler ["http-nio-8080"]
22-Apr-2024 22:55:02.531 INFO [Thread-1] org.apache.coyote.AbstractProtocol.destroy Destroying ProtocolHandler ["http-nio-8080"]
