08-Apr-2024 13:08:27.985 INFO [Catalina-utility-1] org.apache.catalina.startup.HostConfig.deployDirectory Deploying web application directory [C:\Code\Java\apache-tomcat-10.1.20\webapps\lab4]
08-Apr-2024 13:08:28.094 INFO [Catalina-utility-1] org.apache.catalina.startup.HostConfig.deployDirectory Deployment of web application directory [C:\Code\Java\apache-tomcat-10.1.20\webapps\lab4] has finished in [94] ms
08-Apr-2024 13:09:49.909 INFO [Thread-1] org.apache.coyote.AbstractProtocol.pause Pausing ProtocolHandler ["http-nio-8080"]
08-Apr-2024 13:09:49.925 INFO [Thread-1] org.apache.catalina.core.StandardService.stopInternal Stopping service [Catalina]
08-Apr-2024 13:09:50.003 INFO [Thread-1] org.apache.coyote.AbstractProtocol.stop Stopping ProtocolHandler ["http-nio-8080"]
08-Apr-2024 13:09:50.021 INFO [Thread-1] org.apache.coyote.AbstractProtocol.destroy Destroying ProtocolHandler ["http-nio-8080"]
08-Apr-2024 13:09:56.218 INFO [main] org.apache.catalina.startup.VersionLoggerListener.log Server version name:   Apache Tomcat/10.1.20
08-Apr-2024 13:09:56.224 INFO [main] org.apache.catalina.startup.VersionLoggerListener.log Server built:          Mar 19 2024 12:49:58 UTC
08-Apr-2024 13:09:56.224 INFO [main] org.apache.catalina.startup.VersionLoggerListener.log Server version number: 10.1.20.0
08-Apr-2024 13:09:56.224 INFO [main] org.apache.catalina.startup.VersionLoggerListener.log OS Name:               Windows 11
08-Apr-2024 13:09:56.224 INFO [main] org.apache.catalina.startup.VersionLoggerListener.log OS Version:            10.0
08-Apr-2024 13:09:56.225 INFO [main] org.apache.catalina.startup.VersionLoggerListener.log Architecture:          amd64
08-Apr-2024 13:09:56.226 INFO [main] org.apache.catalina.startup.VersionLoggerListener.log Java Home:             C:\Program Files\Eclipse Adoptium\jdk-21.0.2.13-hotspot
08-Apr-2024 13:09:56.226 INFO [main] org.apache.catalina.startup.VersionLoggerListener.log JVM Version:           21.0.2+13-LTS
08-Apr-2024 13:09:56.226 INFO [main] org.apache.catalina.startup.VersionLoggerListener.log JVM Vendor:            Eclipse Adoptium
08-Apr-2024 13:09:56.226 INFO [main] org.apache.catalina.startup.VersionLoggerListener.log CATALINA_BASE:         C:\Code\Java\apache-tomcat-10.1.20
08-Apr-2024 13:09:56.227 INFO [main] org.apache.catalina.startup.VersionLoggerListener.log CATALINA_HOME:         C:\Code\Java\apache-tomcat-10.1.20
08-Apr-2024 13:09:56.238 INFO [main] org.apache.catalina.startup.VersionLoggerListener.log Command line argument: -Djava.util.logging.config.file=C:\Code\Java\apache-tomcat-10.1.20\conf\logging.properties
08-Apr-2024 13:09:56.238 INFO [main] org.apache.catalina.startup.VersionLoggerListener.log Command line argument: -Djava.util.logging.manager=org.apache.juli.ClassLoaderLogManager
08-Apr-2024 13:09:56.239 INFO [main] org.apache.catalina.startup.VersionLoggerListener.log Command line argument: -Djdk.tls.ephemeralDHKeySize=2048
08-Apr-2024 13:09:56.239 INFO [main] org.apache.catalina.startup.VersionLoggerListener.log Command line argument: -Djava.protocol.handler.pkgs=org.apache.catalina.webresources
08-Apr-2024 13:09:56.239 INFO [main] org.apache.catalina.startup.VersionLoggerListener.log Command line argument: --add-opens=java.base/java.lang=ALL-UNNAMED
08-Apr-2024 13:09:56.239 INFO [main] org.apache.catalina.startup.VersionLoggerListener.log Command line argument: --add-opens=java.base/java.io=ALL-UNNAMED
08-Apr-2024 13:09:56.239 INFO [main] org.apache.catalina.startup.VersionLoggerListener.log Command line argument: --add-opens=java.base/java.util=ALL-UNNAMED
08-Apr-2024 13:09:56.240 INFO [main] org.apache.catalina.startup.VersionLoggerListener.log Command line argument: --add-opens=java.base/java.util.concurrent=ALL-UNNAMED
08-Apr-2024 13:09:56.240 INFO [main] org.apache.catalina.startup.VersionLoggerListener.log Command line argument: --add-opens=java.rmi/sun.rmi.transport=ALL-UNNAMED
08-Apr-2024 13:09:56.240 INFO [main] org.apache.catalina.startup.VersionLoggerListener.log Command line argument: -Dcatalina.base=C:\Code\Java\apache-tomcat-10.1.20
08-Apr-2024 13:09:56.240 INFO [main] org.apache.catalina.startup.VersionLoggerListener.log Command line argument: -Dcatalina.home=C:\Code\Java\apache-tomcat-10.1.20
08-Apr-2024 13:09:56.240 INFO [main] org.apache.catalina.startup.VersionLoggerListener.log Command line argument: -Djava.io.tmpdir=C:\Code\Java\apache-tomcat-10.1.20\temp
08-Apr-2024 13:09:56.247 INFO [main] org.apache.catalina.core.AprLifecycleListener.lifecycleEvent The Apache Tomcat Native library which allows using OpenSSL was not found on the java.library.path: [C:\Program Files\Eclipse Adoptium\jdk-21.0.2.13-hotspot\bin;C:\WINDOWS\Sun\Java\bin;C:\WINDOWS\system32;C:\WINDOWS;C:\Program Files\Eclipse Adoptium\jdk-21.0.2.13-hotspot\bin;C:\Program Files (x86)\Microsoft SDKs\Azure\CLI2\wbin;C:\gurobi1003\win64\bin;C:\WINDOWS\system32;C:\WINDOWS;C:\WINDOWS\System32\Wbem;C:\WINDOWS\System32\WindowsPowerShell\v1.0\;C:\WINDOWS\System32\OpenSSH\;C:\Program Files\Git\cmd;C:\Users\yueny\AppData\Roaming\nvm;C:\Program Files\nodejs;C:\Program Files\dotnet\;C:\Users\yueny\AppData\Local\Programs\Python\Python311\include\cpython\;C:\Program Files\Graphviz\bin;C:\Ruby32-x64\bin;C:\Users\yueny\AppData\Local\Programs\Python\Python311\Scripts\;C:\Users\yueny\AppData\Local\Programs\Python\Python311\;C:\Users\yueny\AppData\Local\Microsoft\WindowsApps;C:\Users\yueny\AppData\Local\Programs\Microsoft VS Code\bin;C:\Users\yueny\AppData\Local\GitHubDesktop\bin;C:\Users\yueny\AppData\Roaming\nvm;C:\Program Files\nodejs;C:\msys64\ucrt64\bin;.]
08-Apr-2024 13:09:56.520 INFO [main] org.apache.coyote.AbstractProtocol.init Initializing ProtocolHandler ["http-nio-8080"]
08-Apr-2024 13:09:56.542 INFO [main] org.apache.catalina.startup.Catalina.load Server initialization in [521] milliseconds
08-Apr-2024 13:09:56.588 INFO [main] org.apache.catalina.core.StandardService.startInternal Starting service [Catalina]
08-Apr-2024 13:09:56.588 INFO [main] org.apache.catalina.core.StandardEngine.startInternal Starting Servlet engine: [Apache Tomcat/10.1.20]
08-Apr-2024 13:09:56.599 INFO [main] org.apache.catalina.startup.HostConfig.deployDirectory Deploying web application directory [C:\Code\Java\apache-tomcat-10.1.20\webapps\docs]
08-Apr-2024 13:09:56.886 INFO [main] org.apache.catalina.startup.HostConfig.deployDirectory Deployment of web application directory [C:\Code\Java\apache-tomcat-10.1.20\webapps\docs] has finished in [288] ms
08-Apr-2024 13:09:56.887 INFO [main] org.apache.catalina.startup.HostConfig.deployDirectory Deploying web application directory [C:\Code\Java\apache-tomcat-10.1.20\webapps\examples]
08-Apr-2024 13:09:57.594 INFO [main] org.apache.catalina.startup.HostConfig.deployDirectory Deployment of web application directory [C:\Code\Java\apache-tomcat-10.1.20\webapps\examples] has finished in [706] ms
08-Apr-2024 13:09:57.594 INFO [main] org.apache.catalina.startup.HostConfig.deployDirectory Deploying web application directory [C:\Code\Java\apache-tomcat-10.1.20\webapps\host-manager]
08-Apr-2024 13:09:57.632 INFO [main] org.apache.catalina.startup.HostConfig.deployDirectory Deployment of web application directory [C:\Code\Java\apache-tomcat-10.1.20\webapps\host-manager] has finished in [38] ms
08-Apr-2024 13:09:57.632 INFO [main] org.apache.catalina.startup.HostConfig.deployDirectory Deploying web application directory [C:\Code\Java\apache-tomcat-10.1.20\webapps\lab4]
08-Apr-2024 13:09:57.655 INFO [main] org.apache.catalina.startup.HostConfig.deployDirectory Deployment of web application directory [C:\Code\Java\apache-tomcat-10.1.20\webapps\lab4] has finished in [23] ms
08-Apr-2024 13:09:57.655 INFO [main] org.apache.catalina.startup.HostConfig.deployDirectory Deploying web application directory [C:\Code\Java\apache-tomcat-10.1.20\webapps\manager]
08-Apr-2024 13:09:57.685 INFO [main] org.apache.catalina.startup.HostConfig.deployDirectory Deployment of web application directory [C:\Code\Java\apache-tomcat-10.1.20\webapps\manager] has finished in [30] ms
08-Apr-2024 13:09:57.686 INFO [main] org.apache.catalina.startup.HostConfig.deployDirectory Deploying web application directory [C:\Code\Java\apache-tomcat-10.1.20\webapps\ROOT]
08-Apr-2024 13:09:57.703 INFO [main] org.apache.catalina.startup.HostConfig.deployDirectory Deployment of web application directory [C:\Code\Java\apache-tomcat-10.1.20\webapps\ROOT] has finished in [17] ms
08-Apr-2024 13:09:57.707 INFO [main] org.apache.coyote.AbstractProtocol.start Starting ProtocolHandler ["http-nio-8080"]
08-Apr-2024 13:09:57.727 INFO [main] org.apache.catalina.startup.Catalina.start Server startup in [1182] milliseconds
