16-Apr-2024 19:41:27.111 INFO [main] org.apache.catalina.core.ApplicationContext.log ContextListener: contextInitialized()
16-Apr-2024 19:41:27.111 INFO [main] org.apache.catalina.core.ApplicationContext.log SessionListener: contextInitialized()
16-Apr-2024 19:41:27.119 INFO [main] org.apache.catalina.core.ApplicationContext.log ContextListener: attributeAdded('StockTicker', 'async.Stockticker@1536602f')
16-Apr-2024 20:29:44.726 INFO [main] org.apache.catalina.core.ApplicationContext.log ContextListener: contextInitialized()
16-Apr-2024 20:29:44.731 INFO [main] org.apache.catalina.core.ApplicationContext.log SessionListener: contextInitialized()
16-Apr-2024 20:29:44.738 INFO [main] org.apache.catalina.core.ApplicationContext.log ContextListener: attributeAdded('StockTicker', 'async.Stockticker@191ae03f')
16-Apr-2024 20:29:51.053 SEVERE [http-nio-8080-exec-2] org.apache.catalina.core.StandardWrapperValve.invoke Servlet.service() for servlet [jsp] in context with path [/comp4321] threw exception [Unable to compile class for JSP: 

An error occurred at line: [17] in the generated java file: [C:\Code\Java\COMP4321\COMP4321-Crawler\src\apache-tomcat-10.1.20\work\Catalina\localhost\comp4321\org\apache\jsp\index_jsp.java]
Only a type can be imported. jdbm.RecordManager resolves to a package

An error occurred at line: [18] in the generated java file: [C:\Code\Java\COMP4321\COMP4321-Crawler\src\apache-tomcat-10.1.20\work\Catalina\localhost\comp4321\org\apache\jsp\index_jsp.java]
Only a type can be imported. jdbm.RecordManagerFactory resolves to a package

An error occurred at line: [19] in the generated java file: [C:\Code\Java\COMP4321\COMP4321-Crawler\src\apache-tomcat-10.1.20\work\Catalina\localhost\comp4321\org\apache\jsp\index_jsp.java]
Only a type can be imported. jdbm.helper.Tuple resolves to a package

An error occurred at line: [20] in the generated java file: [C:\Code\Java\COMP4321\COMP4321-Crawler\src\apache-tomcat-10.1.20\work\Catalina\localhost\comp4321\org\apache\jsp\index_jsp.java]
Only a type can be imported. jdbm.htree.HTree resolves to a package

An error occurred at line: [21] in the generated java file: [C:\Code\Java\COMP4321\COMP4321-Crawler\src\apache-tomcat-10.1.20\work\Catalina\localhost\comp4321\org\apache\jsp\index_jsp.java]
Only a type can be imported. jdbm.btree.BTree resolves to a package

An error occurred at line: [22] in the generated java file: [C:\Code\Java\COMP4321\COMP4321-Crawler\src\apache-tomcat-10.1.20\work\Catalina\localhost\comp4321\org\apache\jsp\index_jsp.java]
Only a type can be imported. jdbm.helper.FastIterator resolves to a package

Stacktrace:] with root cause
	org.apache.jasper.JasperException: Unable to compile class for JSP: 

An error occurred at line: [17] in the generated java file: [C:\Code\Java\COMP4321\COMP4321-Crawler\src\apache-tomcat-10.1.20\work\Catalina\localhost\comp4321\org\apache\jsp\index_jsp.java]
Only a type can be imported. jdbm.RecordManager resolves to a package

An error occurred at line: [18] in the generated java file: [C:\Code\Java\COMP4321\COMP4321-Crawler\src\apache-tomcat-10.1.20\work\Catalina\localhost\comp4321\org\apache\jsp\index_jsp.java]
Only a type can be imported. jdbm.RecordManagerFactory resolves to a package

An error occurred at line: [19] in the generated java file: [C:\Code\Java\COMP4321\COMP4321-Crawler\src\apache-tomcat-10.1.20\work\Catalina\localhost\comp4321\org\apache\jsp\index_jsp.java]
Only a type can be imported. jdbm.helper.Tuple resolves to a package

An error occurred at line: [20] in the generated java file: [C:\Code\Java\COMP4321\COMP4321-Crawler\src\apache-tomcat-10.1.20\work\Catalina\localhost\comp4321\org\apache\jsp\index_jsp.java]
Only a type can be imported. jdbm.htree.HTree resolves to a package

An error occurred at line: [21] in the generated java file: [C:\Code\Java\COMP4321\COMP4321-Crawler\src\apache-tomcat-10.1.20\work\Catalina\localhost\comp4321\org\apache\jsp\index_jsp.java]
Only a type can be imported. jdbm.btree.BTree resolves to a package

An error occurred at line: [22] in the generated java file: [C:\Code\Java\COMP4321\COMP4321-Crawler\src\apache-tomcat-10.1.20\work\Catalina\localhost\comp4321\org\apache\jsp\index_jsp.java]
Only a type can be imported. jdbm.helper.FastIterator resolves to a package

Stacktrace:
		at org.apache.jasper.compiler.DefaultErrorHandler.javacError(DefaultErrorHandler.java:102)
		at org.apache.jasper.compiler.ErrorDispatcher.javacError(ErrorDispatcher.java:214)
		at org.apache.jasper.compiler.JDTCompiler.generateClass(JDTCompiler.java:524)
		at org.apache.jasper.compiler.Compiler.compile(Compiler.java:402)
		at org.apache.jasper.compiler.Compiler.compile(Compiler.java:372)
		at org.apache.jasper.compiler.Compiler.compile(Compiler.java:356)
		at org.apache.jasper.JspCompilationContext.compile(JspCompilationContext.java:603)
		at org.apache.jasper.servlet.JspServletWrapper.service(JspServletWrapper.java:396)
		at org.apache.jasper.servlet.JspServlet.serviceJspFile(JspServlet.java:380)
		at org.apache.jasper.servlet.JspServlet.service(JspServlet.java:328)
		at jakarta.servlet.http.HttpServlet.service(HttpServlet.java:658)
		at org.apache.catalina.core.ApplicationFilterChain.internalDoFilter(ApplicationFilterChain.java:206)
		at org.apache.catalina.core.ApplicationFilterChain.doFilter(ApplicationFilterChain.java:150)
		at org.apache.tomcat.websocket.server.WsFilter.doFilter(WsFilter.java:51)
		at org.apache.catalina.core.ApplicationFilterChain.internalDoFilter(ApplicationFilterChain.java:175)
		at org.apache.catalina.core.ApplicationFilterChain.doFilter(ApplicationFilterChain.java:150)
		at org.apache.catalina.core.StandardWrapperValve.invoke(StandardWrapperValve.java:167)
		at org.apache.catalina.core.StandardContextValve.invoke(StandardContextValve.java:90)
		at org.apache.catalina.authenticator.AuthenticatorBase.invoke(AuthenticatorBase.java:482)
		at org.apache.catalina.core.StandardHostValve.invoke(StandardHostValve.java:115)
		at org.apache.catalina.valves.ErrorReportValve.invoke(ErrorReportValve.java:93)
		at org.apache.catalina.valves.AbstractAccessLogValve.invoke(AbstractAccessLogValve.java:673)
		at org.apache.catalina.core.StandardEngineValve.invoke(StandardEngineValve.java:74)
		at org.apache.catalina.connector.CoyoteAdapter.service(CoyoteAdapter.java:344)
		at org.apache.coyote.http11.Http11Processor.service(Http11Processor.java:391)
		at org.apache.coyote.AbstractProcessorLight.process(AbstractProcessorLight.java:63)
		at org.apache.coyote.AbstractProtocol$ConnectionHandler.process(AbstractProtocol.java:896)
		at org.apache.tomcat.util.net.NioEndpoint$SocketProcessor.doRun(NioEndpoint.java:1736)
		at org.apache.tomcat.util.net.SocketProcessorBase.run(SocketProcessorBase.java:52)
		at org.apache.tomcat.util.threads.ThreadPoolExecutor.runWorker(ThreadPoolExecutor.java:1191)
		at org.apache.tomcat.util.threads.ThreadPoolExecutor$Worker.run(ThreadPoolExecutor.java:659)
		at org.apache.tomcat.util.threads.TaskThread$WrappingRunnable.run(TaskThread.java:63)
		at java.base/java.lang.Thread.run(Thread.java:1583)
16-Apr-2024 20:31:08.413 SEVERE [http-nio-8080-exec-5] org.apache.catalina.core.StandardWrapperValve.invoke Servlet.service() for servlet [jsp] in context with path [/comp4321] threw exception [Unable to compile class for JSP: 

An error occurred at line: [17] in the generated java file: [C:\Code\Java\COMP4321\COMP4321-Crawler\src\apache-tomcat-10.1.20\work\Catalina\localhost\comp4321\org\apache\jsp\index_jsp.java]
Only a type can be imported. jdbm.RecordManager resolves to a package

An error occurred at line: [18] in the generated java file: [C:\Code\Java\COMP4321\COMP4321-Crawler\src\apache-tomcat-10.1.20\work\Catalina\localhost\comp4321\org\apache\jsp\index_jsp.java]
Only a type can be imported. jdbm.RecordManagerFactory resolves to a package

An error occurred at line: [19] in the generated java file: [C:\Code\Java\COMP4321\COMP4321-Crawler\src\apache-tomcat-10.1.20\work\Catalina\localhost\comp4321\org\apache\jsp\index_jsp.java]
Only a type can be imported. jdbm.helper.Tuple resolves to a package

An error occurred at line: [20] in the generated java file: [C:\Code\Java\COMP4321\COMP4321-Crawler\src\apache-tomcat-10.1.20\work\Catalina\localhost\comp4321\org\apache\jsp\index_jsp.java]
Only a type can be imported. jdbm.htree.HTree resolves to a package

An error occurred at line: [21] in the generated java file: [C:\Code\Java\COMP4321\COMP4321-Crawler\src\apache-tomcat-10.1.20\work\Catalina\localhost\comp4321\org\apache\jsp\index_jsp.java]
Only a type can be imported. jdbm.btree.BTree resolves to a package

An error occurred at line: [22] in the generated java file: [C:\Code\Java\COMP4321\COMP4321-Crawler\src\apache-tomcat-10.1.20\work\Catalina\localhost\comp4321\org\apache\jsp\index_jsp.java]
Only a type can be imported. jdbm.helper.FastIterator resolves to a package

Stacktrace:] with root cause
	org.apache.jasper.JasperException: Unable to compile class for JSP: 

An error occurred at line: [17] in the generated java file: [C:\Code\Java\COMP4321\COMP4321-Crawler\src\apache-tomcat-10.1.20\work\Catalina\localhost\comp4321\org\apache\jsp\index_jsp.java]
Only a type can be imported. jdbm.RecordManager resolves to a package

An error occurred at line: [18] in the generated java file: [C:\Code\Java\COMP4321\COMP4321-Crawler\src\apache-tomcat-10.1.20\work\Catalina\localhost\comp4321\org\apache\jsp\index_jsp.java]
Only a type can be imported. jdbm.RecordManagerFactory resolves to a package

An error occurred at line: [19] in the generated java file: [C:\Code\Java\COMP4321\COMP4321-Crawler\src\apache-tomcat-10.1.20\work\Catalina\localhost\comp4321\org\apache\jsp\index_jsp.java]
Only a type can be imported. jdbm.helper.Tuple resolves to a package

An error occurred at line: [20] in the generated java file: [C:\Code\Java\COMP4321\COMP4321-Crawler\src\apache-tomcat-10.1.20\work\Catalina\localhost\comp4321\org\apache\jsp\index_jsp.java]
Only a type can be imported. jdbm.htree.HTree resolves to a package

An error occurred at line: [21] in the generated java file: [C:\Code\Java\COMP4321\COMP4321-Crawler\src\apache-tomcat-10.1.20\work\Catalina\localhost\comp4321\org\apache\jsp\index_jsp.java]
Only a type can be imported. jdbm.btree.BTree resolves to a package

An error occurred at line: [22] in the generated java file: [C:\Code\Java\COMP4321\COMP4321-Crawler\src\apache-tomcat-10.1.20\work\Catalina\localhost\comp4321\org\apache\jsp\index_jsp.java]
Only a type can be imported. jdbm.helper.FastIterator resolves to a package

Stacktrace:
		at org.apache.jasper.compiler.DefaultErrorHandler.javacError(DefaultErrorHandler.java:102)
		at org.apache.jasper.compiler.ErrorDispatcher.javacError(ErrorDispatcher.java:214)
		at org.apache.jasper.compiler.JDTCompiler.generateClass(JDTCompiler.java:524)
		at org.apache.jasper.compiler.Compiler.compile(Compiler.java:402)
		at org.apache.jasper.compiler.Compiler.compile(Compiler.java:372)
		at org.apache.jasper.compiler.Compiler.compile(Compiler.java:356)
		at org.apache.jasper.JspCompilationContext.compile(JspCompilationContext.java:603)
		at org.apache.jasper.servlet.JspServletWrapper.service(JspServletWrapper.java:396)
		at org.apache.jasper.servlet.JspServlet.serviceJspFile(JspServlet.java:380)
		at org.apache.jasper.servlet.JspServlet.service(JspServlet.java:328)
		at jakarta.servlet.http.HttpServlet.service(HttpServlet.java:658)
		at org.apache.catalina.core.ApplicationFilterChain.internalDoFilter(ApplicationFilterChain.java:206)
		at org.apache.catalina.core.ApplicationFilterChain.doFilter(ApplicationFilterChain.java:150)
		at org.apache.tomcat.websocket.server.WsFilter.doFilter(WsFilter.java:51)
		at org.apache.catalina.core.ApplicationFilterChain.internalDoFilter(ApplicationFilterChain.java:175)
		at org.apache.catalina.core.ApplicationFilterChain.doFilter(ApplicationFilterChain.java:150)
		at org.apache.catalina.core.StandardWrapperValve.invoke(StandardWrapperValve.java:167)
		at org.apache.catalina.core.StandardContextValve.invoke(StandardContextValve.java:90)
		at org.apache.catalina.authenticator.AuthenticatorBase.invoke(AuthenticatorBase.java:482)
		at org.apache.catalina.core.StandardHostValve.invoke(StandardHostValve.java:115)
		at org.apache.catalina.valves.ErrorReportValve.invoke(ErrorReportValve.java:93)
		at org.apache.catalina.valves.AbstractAccessLogValve.invoke(AbstractAccessLogValve.java:673)
		at org.apache.catalina.core.StandardEngineValve.invoke(StandardEngineValve.java:74)
		at org.apache.catalina.connector.CoyoteAdapter.service(CoyoteAdapter.java:344)
		at org.apache.coyote.http11.Http11Processor.service(Http11Processor.java:391)
		at org.apache.coyote.AbstractProcessorLight.process(AbstractProcessorLight.java:63)
		at org.apache.coyote.AbstractProtocol$ConnectionHandler.process(AbstractProtocol.java:896)
		at org.apache.tomcat.util.net.NioEndpoint$SocketProcessor.doRun(NioEndpoint.java:1736)
		at org.apache.tomcat.util.net.SocketProcessorBase.run(SocketProcessorBase.java:52)
		at org.apache.tomcat.util.threads.ThreadPoolExecutor.runWorker(ThreadPoolExecutor.java:1191)
		at org.apache.tomcat.util.threads.ThreadPoolExecutor$Worker.run(ThreadPoolExecutor.java:659)
		at org.apache.tomcat.util.threads.TaskThread$WrappingRunnable.run(TaskThread.java:63)
		at java.base/java.lang.Thread.run(Thread.java:1583)
16-Apr-2024 20:31:11.118 INFO [Thread-1] org.apache.catalina.core.ApplicationContext.log SessionListener: contextDestroyed()
16-Apr-2024 20:31:11.118 INFO [Thread-1] org.apache.catalina.core.ApplicationContext.log ContextListener: contextDestroyed()
16-Apr-2024 20:31:17.694 INFO [main] org.apache.catalina.core.ApplicationContext.log ContextListener: contextInitialized()
16-Apr-2024 20:31:17.694 INFO [main] org.apache.catalina.core.ApplicationContext.log SessionListener: contextInitialized()
16-Apr-2024 20:31:17.696 INFO [main] org.apache.catalina.core.ApplicationContext.log ContextListener: attributeAdded('StockTicker', 'async.Stockticker@fff25f1')
